
******************************************************************************
This program contains Ipopt, a library for large-scale nonlinear optimization.
 Ipopt is released as open source code under the Eclipse Public License (EPL).
         For more information visit http://projects.coin-or.org/Ipopt
******************************************************************************

This is Ipopt version 3.12.12, running with linear solver mumps.
NOTE: Other linear solvers might be more efficient (see Ipopt documentation).

Number of nonzeros in equality constraint Jacobian...:     3305
Number of nonzeros in inequality constraint Jacobian.:     1800
Number of nonzeros in Lagrangian Hessian.............:      400

Total number of variables............................:     1105
                     variables with only lower bounds:      101
                variables with lower and upper bounds:      504
                     variables with only upper bounds:        0
Total number of equality constraints.................:     1005
Total number of inequality constraints...............:      600
        inequality constraints with only lower bounds:        0
   inequality constraints with lower and upper bounds:      400
        inequality constraints with only upper bounds:      200

iter    objective    inf_pr   inf_du lg(mu)  ||d||  lg(rg) alpha_du alpha_pr  ls
   0  9.9999900e-03 2.18e-01 1.59e-01   0.0 0.00e+00    -  0.00e+00 0.00e+00   0
   1  1.3745640e-01 1.67e-01 1.28e+02   0.1 2.09e+00    -  2.67e-02 2.68e-01f  1
   2  6.6194456e-01 8.65e-02 6.59e+01  -0.5 1.09e+00    -  1.20e-01 4.82e-01f  1
   3  9.4166197e-01 4.66e-02 4.12e+01  -0.3 6.17e-01    -  7.23e-01 4.53e-01f  1
   4  1.1915554e+00 7.42e-04 4.08e+00  -0.9 2.52e-01    -  1.00e+00 9.90e-01h  1
   5  1.1818539e+00 7.26e-06 2.86e+00  -2.1 1.56e-02    -  9.98e-01 9.90e-01h  1
   6  1.1270599e+00 3.45e-06 2.15e+01  -2.7 1.68e-01    -  1.00e+00 9.98e-01H  1
   7  9.5134644e-01 6.63e-04 2.18e-03  -2.9 5.32e-01    -  1.00e+00 1.00e+00f  1
   8  8.8919811e-01 1.86e-04 6.67e+01  -3.3 4.47e-01    -  9.21e-01 9.48e-01h  1
   9  8.3777428e-01 1.69e-04 8.10e+00  -3.5 7.34e-01    -  1.00e+00 7.43e-01h  1
iter    objective    inf_pr   inf_du lg(mu)  ||d||  lg(rg) alpha_du alpha_pr  ls
  10  8.0616766e-01 1.05e-04 3.87e+00  -3.6 7.84e-01    -  1.00e+00 7.99e-01h  1
  11  7.8932734e-01 3.07e-05 8.41e-05  -3.7 5.39e-01    -  1.00e+00 1.00e+00h  1
  12  7.7224983e-01 9.21e-06 7.02e-01  -3.9 1.92e-01    -  9.96e-01 8.39e-01H  1
  13  7.5284435e-01 5.30e-05 7.26e+00  -4.7 1.21e+00    -  1.00e+00 5.42e-01f  1
  14  7.6156644e-01 8.65e-06 3.92e-05  -4.0 2.44e-01    -  1.00e+00 1.00e+00h  1
  15  7.5171981e-01 1.90e-05 4.75e+00  -4.3 4.21e-01    -  9.86e-01 5.81e-01h  1
  16  7.4065174e-01 2.88e-05 1.95e-04  -4.4 4.84e-01    -  1.00e+00 1.00e+00f  1
  17  7.3304857e-01 2.79e-05 9.43e+00  -5.6 5.66e-01    -  9.93e-01 6.18e-01h  1
  18  7.3643687e-01 2.67e-06 1.95e-05  -4.6 1.77e-01    -  1.00e+00 1.00e+00f  1
  19  7.3134193e-01 8.75e-06 1.66e+00  -5.0 1.88e-01    -  1.00e+00 9.37e-01h  1
iter    objective    inf_pr   inf_du lg(mu)  ||d||  lg(rg) alpha_du alpha_pr  ls
  20  7.2803657e-01 5.26e-06 1.79e+00  -6.5 2.11e-01    -  1.00e+00 9.51e-01h  1
  21  7.2804775e-01 1.62e-08 2.73e-01  -7.9 3.84e-03    -  1.00e+00 9.97e-01h  1
  22  7.2804544e-01 1.05e-08 5.50e-01 -11.0 1.29e-04    -  1.00e+00 9.97e-01h  1
  23  7.2804543e-01 1.06e-08 2.03e-10 -10.8 2.02e-08  -4.0 1.00e+00 1.00e+00h  1
  24  7.2804543e-01 1.08e-08 3.65e-10 -11.0 3.98e-08  -4.5 1.00e+00 1.00e+00H  1
  25  7.2804543e-01 1.06e-08 2.11e-10 -11.0 9.03e-09  -5.0 1.00e+00 1.00e+00h  1
  26  7.2804546e-01 1.50e-08 1.01e+03 -11.0 1.03e-07  -5.4 1.00e+00 2.50e-01h  3
  27  7.2804544e-01 1.00e-08 2.24e-10 -11.0 1.78e-08  -5.0 1.00e+00 1.00e+00h  1
  28  7.2804543e-01 1.06e-08 1.60e-10 -11.0 1.00e-08  -5.1 1.00e+00 1.00e+00h  1
  29  7.2804544e-01 1.12e-08 8.75e+02 -11.0 5.44e-09  -5.5 1.00e+00 2.50e-01h  3
iter    objective    inf_pr   inf_du lg(mu)  ||d||  lg(rg) alpha_du alpha_pr  ls
  30  7.2804536e-01 2.87e-08 2.53e-09 -11.0 2.69e-08  -5.1 1.00e+00 1.00e+00H  1
  31  7.2804543e-01 1.06e-08 8.57e+01 -11.0 1.39e-07  -4.7 9.26e-01 1.00e+00h  1
  32  7.2804535e-01 1.46e-08 7.30e+02 -11.0 9.03e-08  -5.2 2.56e-02 1.00e+00h  1
  33  7.2804535e-01 1.48e-08 2.02e-10 -11.0 2.48e-08  -4.7 1.00e+00 1.00e+00h  1
  34  7.2804536e-01 1.00e-08 5.23e+02 -11.0 1.36e-08  -5.2 7.00e-02 1.00e+00h  1
  35  7.2804536e-01 1.00e-08 3.03e+02 -10.3 1.00e-07  -5.7 3.69e-01 2.98e-01h  1
  36  7.2804536e-01 1.00e-08 3.97e+02 -10.3 3.46e-07  -5.3 4.13e-01 1.00e+00f  1
  37  7.2804536e-01 1.00e-08 2.80e+01 -10.3 2.39e-08  -4.8 9.29e-01 9.29e-01s 22
  38  7.2804536e-01 1.00e-08 2.24e-10 -10.3 4.57e-09  -5.3 1.00e+00 1.00e+00s 22
  39  7.2804536e-01 1.00e-08 2.10e+00 -10.7 4.34e-07  -4.9 1.00e+00 9.94e-01h  1
iter    objective    inf_pr   inf_du lg(mu)  ||d||  lg(rg) alpha_du alpha_pr  ls
  40  7.2804536e-01 1.00e-08 9.18e+01 -10.8 1.06e-07    -  8.17e-01 1.00e+00f  1
  41  7.2804536e-01 1.00e-08 5.04e+02 -10.8 4.65e-08  -5.4 1.00e+00 9.54e-07h 21
  42  7.2804536e-01 1.00e-08 1.66e-10 -10.8 5.03e-08  -4.9 1.00e+00 1.00e+00h  1
  43  7.2804535e-01 1.13e-08 2.56e-09 -11.0 2.48e-08  -5.4 1.00e+00 1.00e+00H  1
  44  7.2804535e-01 1.00e-08 1.95e-10 -11.0 1.32e-08  -5.0 1.00e+00 1.00e+00h  1
  45  7.2804535e-01 1.00e-08 3.07e+02 -11.0 3.73e-10  -5.5 4.55e-01 1.00e+00h  1
  46  7.2804537e-01 7.63e-09 1.39e-10 -11.0 1.79e-08  -5.0 1.00e+00 1.00e+00h  1
  47  7.2804536e-01 2.17e-09 2.10e-10 -11.0 8.90e-09  -4.6 1.00e+00 1.00e+00h  1
  48  7.2804536e-01 2.06e-09 2.05e-01 -11.0 1.07e-10  -5.1 9.98e-01 1.00e+00h  1
  49  7.2804536e-01 2.07e-09 1.64e-10 -11.0 1.14e-09  -4.7 1.00e+00 1.00e+00h  1
iter    objective    inf_pr   inf_du lg(mu)  ||d||  lg(rg) alpha_du alpha_pr  ls
  50  7.2804536e-01 2.07e-09 1.59e-10 -11.0 6.82e-11  -5.1 1.00e+00 1.00e+00h  1
  51  7.2804536e-01 2.29e-09 1.67e-10 -11.0 1.41e-12  -4.7 1.00e+00 1.00e+00H  1
  52  7.2804536e-01 2.07e-09 1.54e-10 -11.0 4.51e-09  -5.2 1.00e+00 1.00e+00h  1
  53  7.2804536e-01 2.07e-09 1.42e-10 -11.0 3.18e-13  -4.8 1.00e+00 1.00e+00h  1
  54  7.2804535e-01 4.41e-09 2.04e-10 -11.0 6.09e-13  -5.2 1.00e+00 1.00e+00H  1
  55  7.2804536e-01 2.07e-09 1.32e-10 -11.0 1.67e-08  -4.8 1.00e+00 1.00e+00h  1
  56  7.2804536e-01 1.55e-08 2.11e-09 -11.0 1.32e-08  -5.3 1.00e+00 1.00e+00h  1
  57  7.2804536e-01 2.07e-09 2.18e-10 -11.0 1.32e-08  -4.9 1.00e+00 1.00e+00h  1
  58  7.2804534e-01 4.76e-09 4.15e-10 -11.0 1.52e-12  -5.3 1.00e+00 1.00e+00H  1
  59  7.2804536e-01 2.07e-09 1.99e-10 -11.0 2.60e-08  -4.9 1.00e+00 1.00e+00h  1
iter    objective    inf_pr   inf_du lg(mu)  ||d||  lg(rg) alpha_du alpha_pr  ls
  60  7.2804536e-01 2.07e-09 9.90e+01 -11.0 9.69e-10  -5.4 1.00e+00 9.54e-07h 21
  61  7.2804536e-01 2.06e-09 1.82e-10 -11.0 1.58e-10  -5.0 1.00e+00 1.00e+00s 22
  62  7.2804536e-01 2.07e-09 9.65e+01 -11.0 1.58e-10  -4.5 1.00e+00 0.00e+00S 22
  63  7.2804536e-01 3.40e-09 2.17e-10 -11.0 6.22e-10  -5.0 1.00e+00 1.00e+00H  1
  64  7.2804536e-01 2.08e-09 1.66e-10 -11.0 5.45e-09  -5.5 1.00e+00 1.00e+00h  1
  65  7.2804536e-01 2.07e-09 1.84e-10 -11.0 8.12e-11  -5.1 1.00e+00 1.00e+00h  1
  66  7.2804536e-01 5.78e-09 5.80e-10 -11.0 6.36e-09  -5.6 1.00e+00 1.00e+00h  1
  67  7.2804536e-01 2.07e-09 1.80e-10 -11.0 6.36e-09  -5.1 1.00e+00 1.00e+00h  1
  68  7.2804536e-01 2.07e-09 1.95e-10 -11.0 1.23e-10  -5.6 1.00e+00 1.00e+00h  1
  69  7.2804536e-01 2.07e-09 1.06e-10 -11.0 1.23e-10  -5.2 1.00e+00 1.00e+00h  1
iter    objective    inf_pr   inf_du lg(mu)  ||d||  lg(rg) alpha_du alpha_pr  ls
  70  7.2804536e-01 2.07e-09 1.58e-10 -11.0 2.55e-13  -4.8 1.00e+00 1.00e+00h  1
  71  7.2804536e-01 2.07e-09 1.76e-10 -11.0 5.17e-13  -5.2 1.00e+00 1.00e+00h  1
  72  7.2804536e-01 2.07e-09 1.57e-10 -11.0 8.42e-13  -4.8 1.00e+00 1.00e+00h  1
  73  7.2804536e-01 2.07e-09 2.10e-10 -11.0 4.80e-13  -5.3 1.00e+00 1.00e+00h  1
  74  7.2804536e-01 2.07e-09 1.92e-10 -11.0 2.39e-13  -4.9 1.00e+00 1.00e+00h  1
  75  7.2804536e-01 2.07e-09 1.99e-10 -11.0 3.49e-13  -5.3 1.00e+00 1.00e+00h  1
  76  7.2804536e-01 2.07e-09 1.99e-10 -11.0 3.07e-13  -4.9 1.00e+00 1.00e+00h  1
  77  7.2804536e-01 2.07e-09 2.07e-10 -11.0 3.96e-13  -5.4 1.00e+00 1.00e+00h  1

Number of Iterations....: 77

                                   (scaled)                 (unscaled)
Objective...............:   7.2804536450873458e-01    7.2804536450873458e-01
Dual infeasibility......:   2.0742698626868916e-10    2.0742698626868916e-10
Constraint violation....:   2.0650770121699580e-09    2.0650770121699580e-09
Complementarity.........:   1.0000000355778428e-11    1.0000000355778428e-11
Overall NLP error.......:   2.0650770121699580e-09    2.0650770121699580e-09


Number of objective function evaluations             = 179
Number of objective gradient evaluations             = 78
Number of equality constraint evaluations            = 179
Number of inequality constraint evaluations          = 179
Number of equality constraint Jacobian evaluations   = 78
Number of inequality constraint Jacobian evaluations = 78
Number of Lagrangian Hessian evaluations             = 77
Total CPU secs in IPOPT (w/o function evaluations)   =      4.335
Total CPU secs in NLP function evaluations           =      0.228

EXIT: Solved To Acceptable Level.
