
******************************************************************************
This program contains Ipopt, a library for large-scale nonlinear optimization.
 Ipopt is released as open source code under the Eclipse Public License (EPL).
         For more information visit http://projects.coin-or.org/Ipopt
******************************************************************************

This is Ipopt version 3.12.12, running with linear solver mumps.
NOTE: Other linear solvers might be more efficient (see Ipopt documentation).

Number of nonzeros in equality constraint Jacobian...:   237007
Number of nonzeros in inequality constraint Jacobian.:   135000
Number of nonzeros in Lagrangian Hessian.............:    45000

Total number of variables............................:    34507
                     variables with only lower bounds:        0
                variables with lower and upper bounds:    13507
                     variables with only upper bounds:        0
Total number of equality constraints.................:    31507
Total number of inequality constraints...............:    27000
        inequality constraints with only lower bounds:        0
   inequality constraints with lower and upper bounds:    24000
        inequality constraints with only upper bounds:     3000

iter    objective    inf_pr   inf_du lg(mu)  ||d||  lg(rg) alpha_du alpha_pr  ls
   0  9.9999900e-03 2.14e-01 1.00e+00   0.0 0.00e+00    -  0.00e+00 0.00e+00   0
   1  2.3180421e-02 1.18e-01 3.28e+01  -1.7 4.45e-01    -  2.10e-01 4.53e-01h  1
   2  5.3712752e-02 4.84e-02 1.83e+01  -2.3 1.78e-01    -  4.93e-02 6.08e-01h  1
   3  6.4333127e-02 3.50e-02 1.31e+01  -2.5 2.59e-01    -  2.09e-01 2.79e-01h  1
   4  6.4520110e-02 3.46e-02 1.65e+02  -6.6 3.46e-01    -  2.23e-01 1.12e-02h  1
   5  6.4669433e-02 3.44e-02 1.95e+02  -6.7 2.90e-01    -  6.88e-03 5.84e-03h  1
   6  6.4685658e-02 3.44e-02 3.46e+02  -6.7 2.87e-01    -  5.16e-04 7.13e-04h  1
   7  6.4769102e-02 3.43e-02 6.83e+02  -6.7 2.90e-01    -  1.80e-04 3.28e-03h  1
   8  6.4769561e-02 3.43e-02 6.82e+02  -6.7 2.68e-01    -  8.01e-05 5.89e-05h  1
   9  6.4856501e-02 3.42e-02 1.19e+03  -6.7 2.91e-01    -  2.55e-05 3.41e-03h  1
iter    objective    inf_pr   inf_du lg(mu)  ||d||  lg(rg) alpha_du alpha_pr  ls
  10  6.4856654e-02 3.42e-02 1.19e+03  -6.7 2.62e-01    -  1.44e-04 5.17e-05h  1
  11  6.5094131e-02 3.42e-02 7.59e+04  -2.8 3.36e+00    -  2.15e-06 1.19e-04h  1
  12  6.5111561e-02 3.41e-02 7.59e+04  -6.7 2.89e-01    -  1.54e-04 7.37e-04h  1
  13  6.5177674e-02 3.41e-02 7.57e+04  -6.7 2.90e-01    -  2.87e-03 2.70e-03h  1
  14  6.5177138e-02 3.41e-02 7.57e+04  -6.7 2.46e-01    -  7.92e-05 5.66e-05h  1
  15  6.5417712e-02 3.40e-02 7.57e+04  -2.8 2.99e+00    -  2.63e-06 1.34e-04h  1
  16  6.5442386e-02 3.40e-02 7.57e+04  -6.7 2.89e-01    -  1.49e-04 1.03e-03h  1
  17  6.5502842e-02 3.39e-02 7.55e+04  -6.7 2.91e-01    -  3.17e-03 2.44e-03h  1
  18  6.5878833e-02 3.17e-02 1.39e+05  -2.3 2.82e-01    -  3.48e-04 6.71e-02h  1
  19  6.5934174e-02 3.16e-02 1.39e+05  -6.7 3.07e-01    -  1.22e-02 2.68e-03h  1
iter    objective    inf_pr   inf_du lg(mu)  ||d||  lg(rg) alpha_du alpha_pr  ls
  20  6.5936433e-02 3.16e-02 1.39e+05  -6.7 2.94e-01    -  2.20e-04 2.16e-04h  1
  21  6.6016471e-02 3.14e-02 1.38e+05  -6.7 3.07e-01    -  2.52e-04 3.75e-03h  1
  22  6.6016341e-02 3.14e-02 1.38e+05  -6.7 2.79e-01    -  1.39e-04 5.95e-05h  1
  23  6.6278165e-02 3.14e-02 1.38e+05  -2.8 2.32e+00    -  3.20e-06 1.80e-04h  1
  24  6.6285349e-02 3.14e-02 1.38e+05  -6.7 3.02e-01    -  1.44e-04 4.23e-04h  1
  25  6.6316652e-02 3.14e-02 1.38e+05  -6.7 3.04e-01    -  2.06e-03 1.71e-03h  1
  26  6.6358763e-02 3.13e-02 1.37e+05  -6.7 3.08e-01    -  3.75e-03 1.94e-03h  1
  27  6.6356736e-02 3.13e-02 1.37e+05  -6.7 2.49e-01    -  1.06e-04 7.46e-05h  1
  28  6.6616446e-02 3.13e-02 1.37e+05  -2.8 1.56e+00    -  9.44e-06 2.77e-04h  1
  29  6.6621362e-02 3.13e-02 1.37e+05  -6.7 2.97e-01    -  1.19e-04 3.86e-04h  1
iter    objective    inf_pr   inf_du lg(mu)  ||d||  lg(rg) alpha_du alpha_pr  ls
  30  6.6635590e-02 3.13e-02 1.37e+05  -6.7 3.00e-01    -  7.52e-04 9.64e-04h  1
  31  6.6690368e-02 3.12e-02 1.37e+05  -6.7 3.05e-01    -  3.09e-03 2.97e-03h  1
  32  6.6689087e-02 3.12e-02 1.37e+05  -6.7 2.62e-01    -  2.90e-04 7.06e-05h  1
  33  6.6951260e-02 3.12e-02 1.37e+05  -2.8 1.65e+00    -  1.42e-05 2.59e-04h  1
  34  6.6953143e-02 3.11e-02 1.37e+05  -6.7 2.92e-01    -  8.78e-05 2.38e-04h  1
  35  6.7196773e-02 3.05e-02 1.34e+05  -2.8 2.91e-01    -  3.65e-04 2.21e-02h  1
  36  6.7207562e-02 3.04e-02 1.34e+05  -6.7 3.06e-01    -  6.68e-03 7.29e-04h  1
  37  6.7228137e-02 3.04e-02 1.33e+05  -6.7 3.07e-01    -  2.85e-03 1.33e-03h  1
  38  6.7514356e-02 3.04e-02 1.33e+05  -2.8 8.69e-01    -  1.89e-05 6.28e-04h  1
  39  6.7686743e-02 2.96e-02 1.30e+05  -2.8 2.91e-01    -  1.13e-03 2.70e-02h  1
iter    objective    inf_pr   inf_du lg(mu)  ||d||  lg(rg) alpha_du alpha_pr  ls
  40  6.7695990e-02 2.95e-02 1.30e+05  -6.7 3.11e-01    -  6.79e-03 7.13e-04h  1
  41  6.7789144e-02 2.93e-02 1.28e+05  -2.8 3.03e-01    -  1.13e-03 9.53e-03h  1
  42  6.7792696e-02 2.92e-02 1.28e+05  -6.7 3.09e-01    -  8.04e-04 3.68e-04h  1
  43  6.7847746e-02 2.91e-02 1.28e+05  -6.7 3.12e-01    -  6.75e-04 4.24e-03h  1
  44  6.7847059e-02 2.91e-02 1.28e+05  -6.7 2.88e-01    -  2.81e-04 6.91e-05h  1
  45  6.8144325e-02 2.91e-02 1.28e+05  -2.8 2.98e+00    -  4.10e-06 1.47e-04h  1
  46  6.8147906e-02 2.91e-02 1.28e+05  -6.7 3.09e-01    -  1.60e-04 3.76e-04h  1
  47  6.8163930e-02 2.91e-02 1.28e+05  -6.7 3.10e-01    -  3.44e-03 1.56e-03h  1
  48  6.8207357e-02 2.90e-02 1.27e+05  -6.7 3.15e-01    -  4.64e-03 2.96e-03h  1
  49  6.8204674e-02 2.90e-02 1.27e+05  -6.7 2.69e-01    -  3.20e-04 9.57e-05h  1
iter    objective    inf_pr   inf_du lg(mu)  ||d||  lg(rg) alpha_du alpha_pr  ls
  50  6.8494194e-02 2.90e-02 1.27e+05  -2.8 1.13e+00    -  2.76e-05 4.47e-04h  1
  51  6.8497246e-02 2.89e-02 1.27e+05  -6.7 3.07e-01    -  2.10e-04 4.44e-04h  1
  52  6.8508604e-02 2.89e-02 1.27e+05  -6.7 3.09e-01    -  1.06e-03 1.37e-03h  1
  53  6.8546450e-02 2.88e-02 1.26e+05  -6.7 3.12e-01    -  4.76e-03 3.31e-03h  1
  54  6.8543598e-02 2.88e-02 1.26e+05  -6.7 2.70e-01    -  5.57e-04 1.01e-04h  1
  55  6.8833874e-02 2.88e-02 1.26e+05  -2.8 1.14e+00    -  4.34e-05 4.41e-04h  1
  56  6.8834809e-02 2.88e-02 1.26e+05  -6.7 3.03e-01    -  1.54e-04 3.38e-04h  1
  57  6.8838424e-02 2.88e-02 1.26e+05  -6.7 3.05e-01    -  5.80e-04 8.32e-04h  1
  58  6.8870802e-02 2.86e-02 1.26e+05  -6.7 3.09e-01    -  4.35e-03 4.39e-03h  1
  59  6.8868621e-02 2.86e-02 1.26e+05  -6.7 2.77e-01    -  9.36e-04 9.64e-05h  1
iter    objective    inf_pr   inf_du lg(mu)  ||d||  lg(rg) alpha_du alpha_pr  ls
  60  6.9162945e-02 2.86e-02 1.26e+05  -2.8 1.23e+00    -  5.33e-05 4.01e-04h  1
  61  6.9162711e-02 2.86e-02 1.26e+05  -6.7 3.01e-01    -  1.25e-04 2.61e-04h  1
  62  6.9163083e-02 2.86e-02 1.25e+05  -6.7 3.02e-01    -  3.78e-04 6.06e-04h  1
  63  6.9180032e-02 2.84e-02 1.25e+05  -6.7 3.05e-01    -  4.32e-03 5.19e-03h  1
  64  6.9178182e-02 2.84e-02 1.25e+05  -6.7 2.82e-01    -  1.33e-03 9.40e-05h  1
  65  6.9470916e-02 2.84e-02 1.25e+05  -2.8 1.01e+00    -  8.82e-05 5.18e-04h  1
  66  6.9470019e-02 2.84e-02 1.25e+05  -6.7 2.99e-01    -  1.43e-04 2.43e-04h  1
  67  6.9468629e-02 2.84e-02 1.25e+05  -6.7 3.00e-01    -  3.43e-04 5.64e-04h  1
  68  6.9469509e-02 2.82e-02 1.24e+05  -6.7 3.03e-01    -  4.51e-03 5.67e-03h  1
  69  6.9467643e-02 2.82e-02 1.24e+05  -6.7 2.84e-01    -  1.61e-03 9.56e-05h  1
iter    objective    inf_pr   inf_du lg(mu)  ||d||  lg(rg) alpha_du alpha_pr  ls
  70  6.9759537e-02 2.82e-02 1.24e+05  -2.8 8.88e-01    -  1.25e-04 6.15e-04h  1
  71  6.9758072e-02 2.82e-02 1.24e+05  -6.7 2.98e-01    -  1.57e-04 2.42e-04h  1
  72  6.9755278e-02 2.82e-02 1.24e+05  -6.7 2.99e-01    -  3.36e-04 5.63e-04h  1
  73  6.9741170e-02 2.80e-02 1.23e+05  -6.7 3.02e-01    -  4.74e-03 6.06e-03h  1
  74  6.9739159e-02 2.80e-02 1.23e+05  -6.7 2.84e-01    -  1.81e-03 9.91e-05h  1
  75  7.0030839e-02 2.80e-02 1.23e+05  -2.8 8.16e-01    -  1.61e-04 6.96e-04h  1
  76  7.0028836e-02 2.80e-02 1.23e+05  -6.7 2.97e-01    -  1.67e-04 2.49e-04h  1
  77  6.9962485e-02 2.74e-02 1.65e+05  -2.8 3.00e-01    -  3.58e-04 2.21e-02h  1
  78  6.9962123e-02 2.74e-02 1.67e+05  -6.7 3.10e-01    -  1.08e-02 3.54e-04h  1
  79  6.9964196e-02 2.72e-02 1.66e+05  -2.8 3.10e-01    -  5.38e-03 6.39e-03h  1
iter    objective    inf_pr   inf_du lg(mu)  ||d||  lg(rg) alpha_du alpha_pr  ls
  80  6.9927138e-02 2.70e-02 1.65e+05  -2.8 3.07e-01    -  3.13e-03 8.93e-03h  1
  81  6.9806089e-02 2.66e-02 1.62e+05  -2.8 3.05e-01    -  3.89e-03 1.45e-02h  1
  82  6.9800969e-02 2.65e-02 1.62e+05  -6.7 3.12e-01    -  2.83e-03 9.48e-04h  1
  83  6.9762648e-02 2.63e-02 1.61e+05  -2.8 3.12e-01    -  3.17e-03 7.30e-03h  1
  84  6.9752631e-02 2.62e-02 1.60e+05  -6.7 3.18e-01    -  2.94e-03 4.11e-03h  1
  85  6.9744509e-02 2.62e-02 1.60e+05  -6.7 2.85e-01    -  3.72e-04 2.18e-04h  1
  86  6.9999775e-02 2.62e-02 1.60e+05  -2.8 4.53e-01    -  1.81e-04 2.33e-03h  1
  87  6.9658892e-02 2.53e-02 1.54e+05  -2.8 3.09e-01    -  1.10e-03 3.29e-02h  1
  88  6.9653393e-02 2.53e-02 1.54e+05  -6.7 3.28e-01    -  9.47e-03 8.20e-04h  1
  89  6.9582021e-02 2.50e-02 1.52e+05  -2.8 3.29e-01    -  2.22e-03 1.06e-02h  1
iter    objective    inf_pr   inf_du lg(mu)  ||d||  lg(rg) alpha_du alpha_pr  ls
  90  6.9554556e-02 2.49e-02 1.52e+05  -6.7 3.32e-01    -  4.39e-03 3.68e-03h  1
  91  6.9548990e-02 2.49e-02 1.52e+05  -6.7 3.06e-01    -  2.55e-04 1.56e-04h  1
  92  6.9815645e-02 2.49e-02 1.56e+05  -2.8 5.01e-01    -  8.81e-05 2.07e-03h  1
  93  6.8525099e-02 2.30e-02 1.40e+05  -2.8 3.22e-01    -  2.21e-03 7.45e-02h  1
  94  6.8505322e-02 2.30e-02 1.40e+05  -6.7 3.59e-01    -  3.21e-02 1.61e-03h  1
  95  6.8472739e-02 2.29e-02 1.39e+05  -6.7 3.58e-01    -  3.54e-03 2.18e-03h  1
  96  6.8783936e-02 2.29e-02 1.39e+05  -2.8 5.99e-01    -  1.01e-04 1.83e-03h  1
  97  6.8744774e-02 2.28e-02 1.39e+05  -6.7 3.59e-01    -  1.66e-03 2.54e-03h  1
  98  6.8667653e-02 2.27e-02 1.38e+05  -6.7 3.61e-01    -  9.26e-03 5.50e-03h  1
  99  6.8655750e-02 2.27e-02 1.38e+05  -6.8 3.34e-01    -  5.77e-04 2.73e-04h  1
iter    objective    inf_pr   inf_du lg(mu)  ||d||  lg(rg) alpha_du alpha_pr  ls
 100  6.8998156e-02 2.27e-02 1.38e+05  -2.8 1.91e+00    -  2.18e-05 2.84e-04h  1
 101  6.8981583e-02 2.27e-02 1.38e+05  -6.8 3.59e-01    -  1.63e-04 8.76e-04h  1
 102  6.8932749e-02 2.26e-02 1.37e+05  -6.8 3.61e-01    -  1.92e-03 2.80e-03h  1
 103  6.8838398e-02 2.25e-02 1.37e+05  -6.8 3.64e-01    -  8.98e-03 6.26e-03h  1
 104  6.8828332e-02 2.25e-02 1.37e+05  -6.8 3.40e-01    -  8.94e-04 2.40e-04h  1
 105  6.9171029e-02 2.25e-02 1.36e+05  -2.9 1.64e+00    -  3.23e-05 3.43e-04h  1
 106  6.9155951e-02 2.24e-02 1.36e+05  -6.8 3.61e-01    -  1.80e-04 7.24e-04h  1
 107  6.9115639e-02 2.24e-02 1.36e+05  -6.8 3.63e-01    -  1.40e-03 2.07e-03h  1
 108  6.8982530e-02 2.22e-02 1.35e+05  -6.8 3.66e-01    -  8.56e-03 7.70e-03h  1
 109  6.8973989e-02 2.22e-02 1.35e+05  -6.8 3.47e-01    -  1.33e-03 2.17e-04h  1
iter    objective    inf_pr   inf_du lg(mu)  ||d||  lg(rg) alpha_du alpha_pr  ls
 110  6.9315293e-02 2.22e-02 1.35e+05  -2.9 1.37e+00    -  4.91e-05 4.38e-04h  1
 111  6.9301051e-02 2.22e-02 1.35e+05  -6.8 3.64e-01    -  2.16e-04 6.27e-04h  1
 112  6.9264366e-02 2.22e-02 1.35e+05  -6.8 3.65e-01    -  1.16e-03 1.70e-03h  1
 113  6.9090290e-02 2.20e-02 1.33e+05  -6.8 3.68e-01    -  8.60e-03 8.88e-03h  1
 114  6.9082389e-02 2.20e-02 1.33e+05  -6.8 3.53e-01    -  1.78e-03 2.08e-04h  1
 115  6.9422649e-02 2.20e-02 1.33e+05  -2.9 1.21e+00    -  6.67e-05 5.20e-04h  1
 116  6.9408401e-02 2.19e-02 1.33e+05  -6.8 3.66e-01    -  2.50e-04 5.78e-04h  1
 117  6.9371641e-02 2.19e-02 1.33e+05  -6.8 3.67e-01    -  1.05e-03 1.55e-03h  1
 118  6.9154692e-02 2.17e-02 1.32e+05  -6.8 3.70e-01    -  8.93e-03 9.90e-03h  1
 119  6.9146844e-02 2.17e-02 1.32e+05  -6.8 3.58e-01    -  2.22e-03 2.09e-04h  1
iter    objective    inf_pr   inf_du lg(mu)  ||d||  lg(rg) alpha_du alpha_pr  ls
 120  6.9486474e-02 2.17e-02 1.32e+05  -2.9 1.12e+00    -  8.32e-05 5.87e-04h  1
 121  6.9471450e-02 2.17e-02 1.32e+05  -6.8 3.69e-01    -  2.83e-04 5.64e-04h  1
 122  6.9431998e-02 2.16e-02 1.31e+05  -6.8 3.70e-01    -  1.03e-03 1.53e-03h  1
 123  6.9168825e-02 2.14e-02 1.30e+05  -6.8 3.72e-01    -  9.48e-03 1.09e-02h  1
 124  6.9160604e-02 2.14e-02 1.30e+05  -6.8 3.64e-01    -  2.65e-03 2.17e-04h  1
 125  6.9500021e-02 2.14e-02 1.30e+05  -2.9 1.06e+00    -  9.75e-05 6.41e-04h  1
 126  6.9483508e-02 2.14e-02 1.30e+05  -6.8 3.76e-01    -  3.17e-04 5.77e-04h  1
 127  6.9438978e-02 2.13e-02 1.29e+05  -6.8 3.77e-01    -  1.08e-03 1.59e-03h  1
 128  6.9123632e-02 2.11e-02 1.28e+05  -6.8 3.80e-01    -  1.02e-02 1.19e-02h  1
 129  6.9114650e-02 2.11e-02 1.28e+05  -6.8 3.76e-01    -  3.07e-03 2.32e-04h  1
iter    objective    inf_pr   inf_du lg(mu)  ||d||  lg(rg) alpha_du alpha_pr  ls
 130  6.9454258e-02 2.11e-02 1.29e+05  -2.9 1.03e+00    -  1.08e-04 6.82e-04h  1
 131  6.9435441e-02 2.10e-02 1.29e+05  -6.8 3.86e-01    -  3.55e-04 6.12e-04h  1
 132  6.9382814e-02 2.10e-02 1.28e+05  -6.8 3.88e-01    -  1.19e-03 1.74e-03h  1
 133  6.9005293e-02 2.07e-02 1.26e+05  -6.8 3.91e-01    -  1.12e-02 1.31e-02h  1
 134  6.8995079e-02 2.07e-02 1.26e+05  -6.8 3.88e-01    -  3.50e-03 2.55e-04h  1
 135  6.9335276e-02 2.07e-02 1.31e+05  -2.9 1.02e+00    -  1.14e-04 7.08e-04h  1
 136  6.9312973e-02 2.07e-02 1.31e+05  -6.8 3.98e-01    -  4.02e-04 6.76e-04h  1
 137  6.9247111e-02 2.07e-02 1.29e+05  -6.8 3.99e-01    -  1.42e-03 2.02e-03h  1
 138  6.8790512e-02 2.03e-02 1.26e+05  -6.8 4.02e-01    -  1.26e-02 1.46e-02h  1
 139  6.8778306e-02 2.03e-02 1.26e+05  -6.8 4.02e-01    -  4.01e-03 2.93e-04h  1
iter    objective    inf_pr   inf_du lg(mu)  ||d||  lg(rg) alpha_du alpha_pr  ls
 140  6.9119527e-02 2.03e-02 1.33e+05  -2.9 1.03e+00    -  1.14e-04 7.19e-04h  1
 141  6.9091580e-02 2.03e-02 1.32e+05  -6.8 4.11e-01    -  4.67e-04 7.86e-04h  1
 142  6.9000758e-02 2.03e-02 1.31e+05  -6.8 4.12e-01    -  1.92e-03 2.58e-03h  1
 143  6.8434995e-02 1.99e-02 1.27e+05  -6.8 4.15e-01    -  1.48e-02 1.66e-02h  1
 144  6.8419131e-02 1.99e-02 1.27e+05  -6.8 4.17e-01    -  4.64e-03 3.63e-04h  1
 145  6.8762044e-02 1.99e-02 1.35e+05  -2.9 1.07e+00    -  1.06e-04 7.05e-04h  1
 146  6.8723169e-02 1.99e-02 1.34e+05  -6.8 4.25e-01    -  5.74e-04 1.01e-03h  1
 147  6.8564171e-02 1.98e-02 1.33e+05  -6.8 4.26e-01    -  3.63e-03 4.15e-03h  1
 148  6.7833519e-02 1.94e-02 1.30e+05  -6.8 4.31e-01    -  1.92e-02 1.95e-02h  1
 149  6.7807841e-02 1.94e-02 1.30e+05  -6.8 4.35e-01    -  5.63e-03 5.50e-04h  1
iter    objective    inf_pr   inf_du lg(mu)  ||d||  lg(rg) alpha_du alpha_pr  ls
 150  6.8154024e-02 1.94e-02 1.37e+05  -2.9 1.17e+00    -  8.30e-05 6.40e-04h  1
 151  6.8081188e-02 1.94e-02 1.36e+05  -6.8 4.42e-01    -  8.16e-04 1.70e-03h  1
 152  6.6549166e-02 1.87e-02 1.31e+05  -6.8 4.43e-01    -  2.43e-02 3.59e-02h  1
 153  6.6452724e-02 1.86e-02 1.30e+05  -6.8 4.59e-01    -  2.06e-02 1.94e-03h  1
 154  5.5072797e-02 1.45e-02 1.01e+05  -6.8 4.62e-01    -  3.02e-04 2.22e-01h  1
 155  5.5024595e-02 1.45e-02 1.01e+05  -6.8 6.78e-01    -  3.71e-03 4.03e-04h  1
 156r 5.5024595e-02 1.45e-02 1.00e+03  -1.8 0.00e+00    -  0.00e+00 2.71e-07R  5
 157r 1.2362926e-01 1.69e-02 9.99e+02   0.7 9.84e+01    -  5.21e-04 6.97e-04f  1
 158r 1.1495378e-01 1.04e-02 9.98e+02  -1.3 2.91e+01    -  1.15e-03 1.55e-03f  1
 159  1.2175944e-01 8.96e-03 3.49e+02  -2.4 1.05e-01    -  5.21e-01 1.41e-01h  1
iter    objective    inf_pr   inf_du lg(mu)  ||d||  lg(rg) alpha_du alpha_pr  ls
 160  1.2249153e-01 7.44e-03 4.64e+02  -6.6 2.64e-01    -  1.24e-01 1.70e-01h  1
 161  1.2641537e-01 6.63e-03 4.12e+02  -2.8 2.78e-01    -  1.77e-01 1.08e-01h  1
 162  1.5028524e-01 5.72e-03 3.59e+02  -2.1 2.19e-01    -  2.44e-01 1.37e-01f  1
 163  2.0503935e-01 4.75e-03 2.96e+02  -2.0 3.22e-01    -  2.58e-01 1.70e-01f  1
 164  3.8523588e-01 3.94e-03 2.17e+02  -1.8 6.73e-01    -  2.86e-01 2.68e-01f  1
 165  4.5425744e-01 9.91e-03 1.34e+02  -2.5 2.74e-01    -  4.57e-01 9.04e-01h  1
 166  4.2140981e-01 9.20e-03 1.20e+02  -3.5 7.64e-01    -  1.60e-01 9.17e-02h  1
 167  3.7870452e-01 7.87e-03 5.90e+02  -3.1 1.18e+00    -  9.12e-02 1.47e-01h  1
 168  2.7815474e-01 8.74e-03 2.67e+03  -2.8 9.39e-01    -  1.23e-01 5.00e-01f  1
 169  2.6139440e-01 5.81e-03 1.90e+03  -2.7 3.15e-01    -  3.98e-01 3.11e-01f  1
iter    objective    inf_pr   inf_du lg(mu)  ||d||  lg(rg) alpha_du alpha_pr  ls
 170  2.6897618e-01 2.64e-03 9.28e+02  -3.0 1.49e-01    -  2.52e-01 5.56e-01f  1
 171  2.9658614e-01 8.55e-04 2.67e+02  -3.2 1.23e-01    -  4.58e-01 7.50e-01h  1
 172  2.9355420e-01 3.19e-04 1.06e+02  -8.1 4.30e-02    -  6.83e-01 6.43e-01h  1
 173  2.8510506e-01 1.34e-05 5.89e+01  -8.6 2.86e-02    -  7.30e-01 9.61e-01h  1
 174  2.5590537e-01 1.29e-04 3.07e+02  -9.2 2.92e-02    -  2.57e-01 1.00e+00h  1
 175  2.2119565e-01 1.80e-04 5.61e+01  -9.3 3.47e-02    -  8.82e-01 1.00e+00h  1
 176  9.4102440e-02 2.51e-03 2.24e+01 -10.3 1.27e-01    -  6.01e-01 1.00e+00f  1
 177  3.4395069e-02 6.30e-03 9.70e+00 -10.7 1.41e-01    -  5.67e-01 9.59e-01h  1
 178  3.1788701e-02 5.46e-03 4.17e+00 -11.0 2.08e-01    -  5.70e-01 2.02e-01h  1
 179  3.0805717e-02 5.07e-03 2.08e+00 -11.0 2.51e-01    -  5.01e-01 8.57e-02h  1
iter    objective    inf_pr   inf_du lg(mu)  ||d||  lg(rg) alpha_du alpha_pr  ls
 180  2.7273822e-02 4.78e-03 1.14e+00 -11.0 2.71e-01    -  4.52e-01 3.26e-01h  1
 181  2.5032158e-02 3.83e-03 7.52e-01  -7.6 2.86e-01    -  1.20e-01 3.03e-01h  1
 182  2.2642086e-02 3.73e-03 6.49e-01  -7.6 4.40e-01    -  2.31e-01 4.19e-01h  1
 183  2.1204751e-02 5.06e-03 1.92e+00  -7.2 1.22e+00    -  7.78e-01 3.92e-01h  1
 184  2.0460954e-02 3.74e-03 2.18e+00  -7.2 1.86e+00    -  7.83e-01 2.60e-01h  1
 185  1.9953326e-02 1.84e-03 4.92e+00  -6.7 1.02e+00    -  1.67e-01 5.57e-01h  1
 186  2.0296901e-02 1.20e-03 5.40e+00  -6.6 7.29e-01    -  3.24e-01 5.18e-01h  1
 187  1.9762612e-02 1.86e-03 4.96e-01  -6.8 5.89e-01    -  1.00e+00 7.59e-01h  1
 188  1.9606420e-02 4.40e-04 3.98e-02  -6.8 2.72e-01    -  8.22e-01 9.54e-01h  1
 189  1.9247969e-02 6.45e-04 1.24e-03  -6.8 3.55e-01    -  1.00e+00 1.00e+00h  1
iter    objective    inf_pr   inf_du lg(mu)  ||d||  lg(rg) alpha_du alpha_pr  ls
 190  1.9130449e-02 1.33e-04 6.45e-04  -6.8 1.46e-01    -  1.00e+00 1.00e+00h  1
 191  1.8611207e-02 1.57e-03 3.73e-03  -6.9 4.30e-01    -  1.00e+00 1.00e+00h  1
 192  1.8612894e-02 2.18e-04 1.58e-02  -6.9 1.91e-01    -  7.91e-01 1.00e+00h  1
 193  1.8321785e-02 8.03e-04 2.01e-03  -6.9 2.99e-01    -  1.00e+00 1.00e+00h  1
 194  1.8284375e-02 5.31e-05 4.37e-04  -6.9 1.28e-01    -  1.00e+00 1.00e+00h  1
 195  1.7906787e-02 1.70e-03 5.06e-03  -7.0 4.49e-01    -  1.00e+00 9.98e-01h  1
 196  1.7915668e-02 3.61e-04 2.03e-01  -7.0 2.13e-01    -  4.26e-01 1.00e+00h  1
 197  1.7699423e-02 9.63e-04 2.76e-03  -7.1 3.02e-01    -  1.00e+00 1.00e+00h  1
 198  1.7676610e-02 6.19e-05 5.42e-04  -7.1 1.06e-01    -  1.00e+00 1.00e+00h  1
 199  1.7408839e-02 1.62e-03 6.09e-03  -7.2 4.41e-01    -  1.00e+00 1.00e+00h  1
iter    objective    inf_pr   inf_du lg(mu)  ||d||  lg(rg) alpha_du alpha_pr  ls
 200  1.7419597e-02 1.68e-04 1.24e-01  -7.2 1.44e-01    -  4.56e-01 1.00e+00h  1
 201  1.7231582e-02 1.37e-03 4.64e-03  -7.2 3.99e-01    -  1.00e+00 1.00e+00h  1
 202  1.7241946e-02 5.45e-05 1.01e-01  -7.2 1.64e-01    -  6.95e-01 1.00e+00h  1
 203  1.7056467e-02 1.76e-03 1.05e-02  -7.3 4.58e-01    -  1.00e+00 9.90e-01h  1
 204  1.7071766e-02 1.35e-04 3.00e-01  -7.3 1.41e-01    -  3.43e-01 1.00e+00h  1
 205  1.6926903e-02 1.68e-03 5.23e-03  -7.4 4.59e-01    -  1.00e+00 1.00e+00h  1
 206  1.6936984e-02 2.54e-05 6.26e-02  -7.4 1.06e-01    -  7.42e-01 1.00e+00h  1
 207  1.6815067e-02 1.62e-03 1.10e-02  -7.5 4.59e-01    -  1.00e+00 9.87e-01h  1
 208  1.6830047e-02 7.86e-05 2.62e-01  -7.5 7.67e-02    -  3.41e-01 1.00e+00h  1
 209  1.6729904e-02 1.74e-03 2.07e-03  -7.6 4.82e-01    -  1.00e+00 1.00e+00h  1
iter    objective    inf_pr   inf_du lg(mu)  ||d||  lg(rg) alpha_du alpha_pr  ls
 210  1.6739546e-02 3.34e-06 3.48e-02  -7.6 1.53e-02    -  8.95e-01 1.00e+00h  1
 211  1.6665225e-02 1.45e-03 2.03e-01  -7.8 5.66e-01    -  1.00e+00 7.82e-01h  1
 212  1.6663878e-02 5.70e-04 1.39e-01  -7.8 9.42e-02    -  3.90e-01 6.02e-01h  1
 213  1.6620767e-02 1.05e-03 6.56e-03  -7.9 4.46e-01    -  1.00e+00 1.00e+00h  1
 214  1.6626776e-02 2.29e-05 9.68e-03  -7.9 7.93e-02    -  1.00e+00 9.67e-01h  1
 215  1.6617185e-02 4.45e-05 7.23e-04  -8.0 1.01e-01    -  1.00e+00 9.99e-01h  1
 216  1.6616176e-02 4.18e-06 2.63e-05  -8.0 4.85e-02    -  1.00e+00 1.00e+00h  1
 217  1.6595065e-02 4.32e-04 4.62e-03  -8.2 2.35e-01    -  1.00e+00 1.00e+00h  1
 218  1.6589297e-02 8.90e-05 1.46e-03  -8.3 1.12e-01    -  1.00e+00 1.00e+00h  1
 219  1.6590249e-02 3.59e-06 1.19e-01  -8.3 2.48e-02    -  6.34e-01 1.00e+00h  1
iter    objective    inf_pr   inf_du lg(mu)  ||d||  lg(rg) alpha_du alpha_pr  ls
 220  1.6586996e-02 1.60e-05 5.20e-04  -8.3 5.63e-02    -  1.00e+00 9.94e-01h  1
 221  1.6585933e-02 2.00e-06 4.19e-05  -8.4 1.67e-02    -  1.00e+00 1.00e+00h  1
 222  1.6576497e-02 1.89e-04 2.91e-03  -8.6 1.76e-01    -  1.00e+00 1.00e+00h  1
 223  1.6570841e-02 1.28e-04 2.38e-03  -9.2 1.49e-01    -  1.00e+00 1.00e+00h  1
 224  1.6570690e-02 1.66e-06 4.83e-05  -9.3 3.01e-02    -  1.00e+00 1.00e+00h  1
 225  1.6569572e-02 4.83e-06 1.09e-04  -9.9 2.30e-02    -  1.00e+00 1.00e+00h  1
 226  1.6569346e-02 3.06e-07 6.22e-06 -10.4 7.81e-03    -  1.00e+00 1.00e+00h  1
 227  1.6569297e-02 1.29e-08 2.59e-07 -10.6 1.24e-03    -  1.00e+00 1.00e+00h  1
 228  1.6569281e-02 2.12e-09 1.79e-03 -10.7 4.25e-04    -  1.00e+00 9.29e-01h  1
 229  1.6569254e-02 3.89e-09 7.73e-08 -11.0 7.08e-04    -  1.00e+00 1.00e+00h  1
iter    objective    inf_pr   inf_du lg(mu)  ||d||  lg(rg) alpha_du alpha_pr  ls
 230  1.6569254e-02 6.60e-13 3.83e-13 -11.0 1.93e-05    -  1.00e+00 1.00e+00h  1

Number of Iterations....: 230

                                   (scaled)                 (unscaled)
Objective...............:   1.6569253642374753e-02    1.6569253642374753e-02
Dual infeasibility......:   3.8269050730516979e-13    3.8269050730516979e-13
Constraint violation....:   6.6033289947142748e-13    6.6033289947142748e-13
Complementarity.........:   1.0848198152627806e-11    1.0848198152627806e-11
Overall NLP error.......:   1.0848198152627806e-11    1.0848198152627806e-11


Number of objective function evaluations             = 236
Number of objective gradient evaluations             = 230
Number of equality constraint evaluations            = 236
Number of inequality constraint evaluations          = 236
Number of equality constraint Jacobian evaluations   = 232
Number of inequality constraint Jacobian evaluations = 232
Number of Lagrangian Hessian evaluations             = 230
Total CPU secs in IPOPT (w/o function evaluations)   =    387.289
Total CPU secs in NLP function evaluations           =     95.804

EXIT: Optimal Solution Found.
