
******************************************************************************
This program contains Ipopt, a library for large-scale nonlinear optimization.
 Ipopt is released as open source code under the Eclipse Public License (EPL).
         For more information visit http://projects.coin-or.org/Ipopt
******************************************************************************

This is Ipopt version 3.12.12, running with linear solver mumps.
NOTE: Other linear solvers might be more efficient (see Ipopt documentation).

Number of nonzeros in equality constraint Jacobian...:    29507
Number of nonzeros in inequality constraint Jacobian.:    13000
Number of nonzeros in Lagrangian Hessian.............:     6000

Total number of variables............................:     7507
                     variables with only lower bounds:      501
                variables with lower and upper bounds:     3506
                     variables with only upper bounds:        0
Total number of equality constraints.................:     7007
Total number of inequality constraints...............:     4000
        inequality constraints with only lower bounds:        0
   inequality constraints with lower and upper bounds:     3000
        inequality constraints with only upper bounds:      500

iter    objective    inf_pr   inf_du lg(mu)  ||d||  lg(rg) alpha_du alpha_pr  ls
   0  9.9999900e-03 1.30e-01 1.00e+00   0.0 0.00e+00    -  0.00e+00 0.00e+00   0
   1  4.6052808e-03 9.15e-02 3.70e+00  -1.1 2.32e-01    -  1.69e-01 2.95e-01h  1
   2  5.2915739e-03 8.00e-02 1.36e+01  -1.7 6.17e-01    -  1.37e-01 1.27e-01h  1
   3  6.2902683e-03 7.78e-02 2.90e+02  -1.7 1.05e+00    -  1.60e-01 2.82e-02h  1
   4  1.8050494e-02 7.46e-02 6.04e+03  -0.6 2.20e+00    -  4.40e-01 4.41e-02h  1
   5  2.1919133e-02 7.08e-02 6.59e+03  -0.3 6.80e-01    -  2.42e-01 5.04e-02h  1
   6  2.5998482e-02 6.92e-02 2.06e+05   0.7 8.09e-01    -  1.00e+00 2.26e-02h  1
   7  2.5187936e-02 6.80e-02 8.70e+06   2.4 4.88e-01    -  1.00e+00 1.75e-02h  1
   8  2.2180908e-02 6.67e-02 8.14e+06   2.6 4.88e-01    -  2.55e-02 1.89e-02h  1
   9  1.9242161e-02 6.58e-02 7.87e+06   2.6 5.47e-01    -  1.63e-02 1.32e-02h  1
iter    objective    inf_pr   inf_du lg(mu)  ||d||  lg(rg) alpha_du alpha_pr  ls
  10  1.6527811e-02 6.52e-02 7.66e+06   2.6 5.96e-01    -  1.28e-02 1.03e-02h  1
  11  1.4073002e-02 6.46e-02 7.42e+06   2.6 6.50e-01    -  1.20e-02 8.38e-03h  1
  12  1.1761066e-02 6.41e-02 7.18e+06   2.6 7.25e-01    -  1.10e-02 7.46e-03h  1
  13  9.6375613e-03 6.37e-02 6.83e+06   2.6 8.26e-01    -  1.22e-02 6.66e-03h  1
  14  7.5225543e-03 6.33e-02 6.06e+06   2.6 9.83e-01    -  1.93e-02 6.70e-03h  1
  15  5.4342575e-03 6.28e-02 5.93e+06   2.6 1.32e+00    -  8.40e-03 7.15e-03h  1
  16  4.7046682e-03 6.27e-02 5.86e+06  -3.6 1.69e+00    -  3.22e-03 2.43e-03h  1
  17  3.1902308e-03 6.23e-02 5.62e+06   2.6 1.88e+00    -  8.42e-03 5.54e-03h  1
  18  2.7637090e-03 6.22e-02 5.55e+06  -3.6 2.63e+00    -  2.45e-03 1.66e-03h  1
  19  1.3891475e-03 6.18e-02 5.59e+06   2.6 2.87e+00    -  5.17e-03 6.18e-03h  1
iter    objective    inf_pr   inf_du lg(mu)  ||d||  lg(rg) alpha_du alpha_pr  ls
  20  1.2936864e-03 6.18e-02 5.85e+06  -3.6 4.45e+00    -  1.84e-03 5.11e-04h  1
  21  1.5648926e-04 6.13e-02 5.77e+06   2.6 4.90e+00    -  2.24e-03 7.49e-03h  1
  22  1.4757224e-04 6.13e-02 5.69e+06  -3.6 1.22e+01    -  1.65e-03 1.96e-04h  1
  23  1.4658224e-06 6.10e-02 5.83e+06   2.6 1.35e+01    -  1.08e-03 4.82e-03h  1
  24  2.0213783e-06 6.09e-02 2.40e+07   2.6 1.99e+01    -  8.13e-03 1.81e-03h  1
  25  2.0111041e-06 6.09e-02 2.43e+08   2.6 1.90e+01    -  7.06e-03 1.06e-04h  1
  26  1.9451131e-06 6.09e-02 2.66e+08  -3.5 2.10e+01    -  3.52e-04 2.22e-04h  1
  27  1.8847513e-06 6.09e-02 2.23e+08   2.6 2.36e+01    -  8.16e-05 2.58e-04h  1
  28  1.8443119e-06 6.09e-02 2.18e+08  -3.5 2.04e+01    -  1.22e-04 1.39e-04h  1
  29  1.8077890e-06 6.09e-02 1.58e+08   2.6 2.34e+01    -  5.55e-06 1.53e-04h  1
iter    objective    inf_pr   inf_du lg(mu)  ||d||  lg(rg) alpha_du alpha_pr  ls
  30  1.7746566e-06 6.09e-02 1.85e+08   1.0 2.11e+01    -  1.65e-04 1.10e-04h  1
  31  1.7428506e-06 6.09e-02 1.03e+08   2.6 2.15e+01    -  1.73e-06 1.47e-04h  1
  32  1.7246659e-06 6.08e-02 2.08e+08   2.1 2.28e+01    -  2.02e-04 6.00e-05h  1
  33  1.6959287e-06 6.08e-02 1.03e+08   2.6 2.40e+01    -  1.23e-06 1.11e-04h  1
  34  1.6698334e-06 6.08e-02 5.81e+08   2.5 2.88e+01    -  3.77e-04 7.30e-05h  1
  35  1.6206735e-06 6.08e-02 4.43e+08  -3.5 3.62e+01    -  5.95e-05 9.34e-05h  1
  36  1.5993587e-06 6.08e-02 1.09e+08   2.6 3.48e+01    -  5.35e-07 5.01e-05h  1
  37  1.5807260e-06 6.08e-02 5.53e+08   2.3 3.98e+01    -  8.37e-05 3.40e-05h  1
  38  1.5443866e-06 6.08e-02 9.66e+08   2.6 6.85e+01    -  6.31e-05 3.93e-05h  1
  39  1.5293270e-06 6.08e-02 2.20e+09  -3.5 5.68e+01    -  5.24e-05 1.81e-05h  1
iter    objective    inf_pr   inf_du lg(mu)  ||d||  lg(rg) alpha_du alpha_pr  ls
  40  1.4857112e-06 6.08e-02 1.36e+09   2.6 1.24e+02    -  1.33e-05 2.50e-05h  1
  41  5.9213313e-05 6.08e-02 3.36e+08   2.6 1.20e-04  12.0 7.52e-01 1.00e+00h  1
  42  6.1265961e-05 6.08e-02 7.75e+10   2.6 4.48e-01  11.5 5.04e-04 1.77e-05h  1
  43r 6.1265961e-05 6.08e-02 1.00e+03   2.6 0.00e+00  11.0 0.00e+00 4.55e-07R  5
  44r 2.6221341e-03 4.95e-02 1.82e+01   0.4 5.03e-01    -  9.82e-01 9.31e-01f  1
  45  1.8443435e-03 4.68e-02 2.02e+01  -1.4 1.42e+00    -  6.55e-02 5.60e-02f  1
  46  1.7211813e-03 4.54e-02 2.19e+01  -1.5 1.10e+00    -  1.51e-01 3.49e-02f  1
  47  2.3792599e-03 4.30e-02 2.11e+01  -1.2 2.98e-01    -  5.34e-02 5.34e-02f  1
  48  5.4571583e-03 4.04e-02 2.00e+01  -1.1 4.01e-01    -  6.39e-02 5.91e-02f  1
  49  7.5351798e-03 3.98e-02 1.18e+02  -1.1 3.43e-01    -  1.02e-01 1.70e-02f  1
iter    objective    inf_pr   inf_du lg(mu)  ||d||  lg(rg) alpha_du alpha_pr  ls
  50  9.1368594e-03 3.92e-02 6.30e+02  -6.5 5.80e-01    -  6.20e-02 1.42e-02h  1
  51  3.1757630e-02 3.53e-02 4.04e+02  -2.1 5.80e-01    -  1.03e-01 1.16e-01h  1
  52  1.3503386e-01 3.20e-02 4.25e+02  -0.9 1.01e+00    -  8.81e-02 1.03e-01f  1
  53  2.3928634e-01 2.76e-02 8.22e+02  -1.1 7.57e-01    -  2.15e-01 1.38e-01f  1
  54  4.5738780e-01 2.21e-02 7.18e+03  -1.0 1.02e+00    -  6.00e-01 2.14e-01f  1
  55  5.5959720e-01 1.82e-02 2.17e+04  -1.1 4.28e-01    -  5.81e-01 2.39e-01f  1
  56  6.2499820e-01 1.61e-02 1.83e+05  -0.7 5.43e-01    -  1.00e+00 1.93e-01h  1
  57  6.6552081e-01 1.35e-02 1.20e+06  -0.1 3.19e-01    -  1.00e+00 1.57e-01h  1
  58  6.9874668e-01 1.16e-02 7.88e+06   0.4 2.63e-01    -  1.00e+00 1.39e-01h  1
  59  7.2982493e-01 1.01e-02 5.30e+07   1.0 2.57e-01    -  1.00e+00 1.29e-01h  1
iter    objective    inf_pr   inf_du lg(mu)  ||d||  lg(rg) alpha_du alpha_pr  ls
  60  7.6326698e-01 8.82e-03 3.56e+08   1.6 2.70e-01    -  1.00e+00 1.27e-01h  1
  61  7.9495307e-01 7.75e-03 2.63e+09   2.3 2.63e-01    -  1.00e+00 1.22e-01h  1
  62  8.4625158e-01 6.25e-03 3.30e+09   2.6 2.70e-01    -  3.27e-01 1.97e-01h  1
  63  9.1721731e-01 4.75e-03 5.41e+09   2.6 3.41e-01    -  1.80e-01 2.78e-01f  1
  64  9.1877917e-01 4.49e-03 1.39e+11   2.6 2.84e-02  10.6 2.19e-04 5.50e-02h  1
  65  9.1885335e-01 4.48e-03 1.39e+11   2.6 2.73e-02  10.1 6.50e-02 2.71e-03h  1
  66  9.1910353e-01 4.44e-03 1.38e+11   2.6 2.64e-02   9.6 1.47e-01 9.46e-03h  1
  67  9.1942109e-01 4.37e-03 1.35e+11   2.6 2.74e-02   9.1 1.60e-01 1.61e-02h  1
  68  9.1965151e-01 4.28e-03 1.33e+11   2.6 4.26e-02   8.7 2.39e-01 1.91e-02h  1
  69  9.2038574e-01 4.27e-03 1.32e+11   2.6 1.34e+01    -  3.26e-03 2.78e-03h  1
iter    objective    inf_pr   inf_du lg(mu)  ||d||  lg(rg) alpha_du alpha_pr  ls
  70  9.2063823e-01 4.27e-03 1.32e+11   2.6 1.64e+01    -  3.76e-03 9.12e-04h  1
  71  9.2079264e-01 4.19e-03 1.30e+11   2.6 5.72e-02   8.2 4.56e-01 1.81e-02h  1
  72  9.2083168e-01 6.87e-03 1.30e+11  -3.3 2.59e+02    -  1.03e-04 7.79e-04h  1
  73  9.2414961e-01 6.86e-03 1.28e+11  -3.3 8.94e+00    -  7.90e-04 1.07e-02h  1
  74  9.2429806e-01 6.77e-03 1.27e+11   2.6 4.29e-02   7.7 6.47e-01 1.35e-02h  1
  75  9.2839374e-01 5.80e-03 1.07e+11   2.6 1.00e-01   7.2 3.58e-01 1.52e-01f  1
  76  9.3136181e-01 5.71e-03 1.06e+11   2.6 3.68e+00    -  4.91e-02 1.38e-02h  1
  77  9.3285513e-01 5.73e-03 1.05e+11   2.6 3.77e+00    -  5.70e-02 7.18e-03h  1
  78  9.3291785e-01 5.73e-03 1.05e+11   1.3 2.19e+00    -  1.21e-01 3.01e-04h  1
  79  9.4489278e-01 5.40e-03 9.90e+10   2.6 1.89e+00    -  6.65e-04 5.77e-02f  1
iter    objective    inf_pr   inf_du lg(mu)  ||d||  lg(rg) alpha_du alpha_pr  ls
  80  9.4531866e-01 5.38e-03 9.87e+10   2.6 4.49e+00    -  6.87e-02 3.07e-03h  1
  81  9.5119043e-01 6.14e-03 9.48e+10   2.6 4.36e+00    -  1.94e-02 3.99e-02f  1
  82  9.5167008e-01 6.12e-03 9.45e+10   2.6 7.42e-01    -  7.04e-02 2.76e-03h  1
  83  9.5899146e-01 5.87e-03 9.06e+10   0.8 1.81e-01    -  7.16e-02 4.16e-02h  1
  84  9.8091029e-01 9.93e-03 7.80e+10   2.6 2.12e+00    -  2.00e-03 1.38e-01f  1
  85  9.8117437e-01 9.91e-03 7.79e+10   2.6 1.38e+00    -  3.49e-01 2.12e-03h  1
  86  1.0762645e+00 1.23e-02 1.91e+10   2.6 3.21e-01    -  9.08e-03 7.55e-01h  1
  87  1.0771672e+00 1.11e-02 1.69e+10   2.6 4.80e-01    -  7.42e-01 1.14e-01f  1
  88  1.0796837e+00 8.70e-03 1.33e+10  -3.4 1.17e-02    -  5.25e-01 2.16e-01h  1
  89  1.0835933e+00 7.46e-03 2.27e+09   2.4 3.47e-01    -  9.14e-01 8.29e-01f  1
iter    objective    inf_pr   inf_du lg(mu)  ||d||  lg(rg) alpha_du alpha_pr  ls
  90  1.0848441e+00 1.71e-03 5.21e+08  -3.6 6.97e-03    -  8.72e-01 7.70e-01h  1
  91  1.0851281e+00 7.59e-06 2.43e+06  -0.6 7.26e-03    -  9.64e-01 9.95e-01f  1
  92  1.0851197e+00 7.27e-12 7.06e+04  -5.9 9.80e-06    -  9.90e-01 1.00e+00h  1
  93  1.0828404e+00 4.11e-07 1.17e+05  -4.0 2.30e-03    -  9.81e-01 1.00e+00f  1
  94  8.9582955e-01 2.43e-03 3.29e+04  -3.2 3.31e-01    -  8.45e-01 5.67e-01f  1
  95  8.3278986e-01 1.14e-02 1.83e+04  -3.9 3.06e-01    -  5.98e-01 7.88e-01h  1
  96  8.1462744e-01 7.47e-03 8.53e+03  -3.5 3.48e-01    -  7.95e-01 3.74e-01h  1
  97  7.7507092e-01 5.47e-03 2.07e+03  -3.7 6.09e-01    -  1.00e+00 4.08e-01h  1
  98  5.5641317e-01 4.51e-03 2.76e+03  -4.0 2.55e-01    -  7.34e-01 1.00e+00h  1
  99  5.0917582e-01 1.81e-03 3.24e+01  -4.0 1.53e-01    -  1.00e+00 5.26e-01h  1
iter    objective    inf_pr   inf_du lg(mu)  ||d||  lg(rg) alpha_du alpha_pr  ls
 100  4.5678780e-01 4.53e-04 5.93e-02  -4.0 8.34e-02    -  1.00e+00 1.00e+00h  1
 101  3.4750837e-01 4.78e-03 1.10e+03  -4.3 2.52e-01    -  9.99e-01 7.73e-01h  1
 102  4.1077260e-01 2.44e-03 4.21e+01  -4.0 1.11e-01    -  7.19e-01 6.36e-01h  1
 103  3.6518269e-01 2.10e-03 1.17e+03  -4.3 1.36e-01    -  1.00e+00 5.26e-01h  1
 104  3.1619600e-01 1.49e-03 1.71e-02  -4.3 1.92e-01    -  1.00e+00 1.00e+00h  1
 105  2.7815852e-01 1.93e-03 1.10e+03  -4.5 1.79e-01    -  1.00e+00 4.89e-01h  1
 106  2.3161095e-01 4.85e-03 2.12e+03  -5.0 5.85e-01    -  1.00e+00 3.74e-01h  1
 107  2.4167087e-01 6.36e-04 1.36e-01  -4.4 6.84e-02    -  1.00e+00 1.00e+00h  1
 108  2.1990565e-01 8.22e-04 2.78e+02  -4.6 1.05e-01    -  1.00e+00 6.68e-01h  1
 109  1.9061752e-01 3.10e-03 1.40e+03  -5.0 5.68e-01    -  1.00e+00 3.40e-01h  1
iter    objective    inf_pr   inf_du lg(mu)  ||d||  lg(rg) alpha_du alpha_pr  ls
 110  1.8703959e-01 2.33e-04 4.74e-02  -4.6 9.87e-02    -  1.00e+00 1.00e+00h  1
 111  1.7179275e-01 9.73e-04 1.27e-01  -4.7 8.04e-02    -  1.00e+00 1.00e+00h  1
 112  1.6240058e-01 1.20e-03 4.02e+02  -4.9 2.61e-01    -  1.00e+00 3.27e-01h  1
 113  1.4136207e-01 4.66e-03 4.18e+02  -5.1 4.43e-01    -  1.00e+00 5.80e-01h  1
 114  1.4799525e-01 9.62e-04 9.17e-02  -4.8 1.08e-01    -  1.00e+00 1.00e+00h  1
 115  1.2927942e-01 1.64e-03 2.37e+02  -5.0 2.96e-01    -  1.00e+00 5.45e-01H  1
 116  1.2683991e-01 6.00e-04 7.65e+01  -5.0 1.20e-01    -  1.00e+00 6.12e-01h  1
 117  1.2210774e-01 5.00e-04 5.90e-01  -5.0 7.27e-02    -  1.00e+00 1.00e+00h  1
 118  1.1320237e-01 2.67e-03 4.73e+02  -5.4 8.73e-01    -  1.00e+00 2.23e-01h  1
 119  1.1420409e-01 1.36e-04 1.19e+00  -5.0 4.02e-02    -  1.00e+00 1.00e+00h  1
iter    objective    inf_pr   inf_du lg(mu)  ||d||  lg(rg) alpha_du alpha_pr  ls
 120  1.1172593e-01 2.12e-04 6.24e+01  -5.1 7.69e-02    -  1.00e+00 5.42e-01h  1
 121  1.0378808e-01 2.81e-03 8.57e+01  -5.2 3.65e-01    -  1.00e+00 6.32e-01h  1
 122  1.0236653e-01 1.41e-03 4.75e+01  -5.2 8.10e-02    -  2.41e-01 4.90e-01h  1
 123  9.6898261e-02 2.59e-03 7.45e+00  -5.2 2.41e-01    -  1.00e+00 9.91e-01h  1
 124  9.6766401e-02 1.49e-03 4.67e+00  -5.2 8.40e-02    -  4.93e-01 4.13e-01h  1
 125  9.1355185e-02 1.32e-03 5.72e+01  -5.2 2.65e-01    -  1.00e+00 6.25e-01H  1
 126  9.1516838e-02 5.33e-04 1.31e+01  -5.2 8.55e-02    -  1.00e+00 5.64e-01h  1
 127  8.9482142e-02 5.15e-04 2.30e+00  -5.3 8.52e-02    -  1.00e+00 1.00e+00h  1
 128  8.6375096e-02 8.13e-04 1.03e+01  -5.3 2.07e-01    -  5.71e-01 6.23e-01H  1
 129  8.7143205e-02 2.49e-04 5.08e-01  -5.3 9.30e-02    -  1.00e+00 1.00e+00h  1
iter    objective    inf_pr   inf_du lg(mu)  ||d||  lg(rg) alpha_du alpha_pr  ls
 130  8.6320869e-02 2.06e-04 4.90e+01  -5.3 1.38e-01    -  1.00e+00 2.50e-01h  3
 131  8.2936455e-02 2.51e-03 2.74e+02  -5.7 1.16e+00    -  1.00e+00 1.90e-01h  1
 132  8.3848114e-02 1.63e-04 6.70e+01  -5.3 3.32e-02    -  7.89e-01 9.49e-01h  1
 133  8.2502342e-02 1.82e-04 8.29e+00  -5.3 4.60e-02    -  1.00e+00 8.80e-01h  1
 134  8.2377820e-02 5.08e-05 8.67e-02  -5.3 3.93e-02    -  9.50e-01 1.00e+00h  1
 135  7.9652526e-02 2.41e-03 2.58e+02  -5.5 1.39e+00    -  1.00e+00 1.74e-01h  1
 136  7.8297679e-02 6.01e-04 1.45e+02  -5.4 1.39e-01    -  4.55e-01 8.00e-01h  1
 137  7.7127387e-02 1.06e-03 7.16e+00  -5.4 1.99e-01    -  1.00e+00 8.38e-01h  1
 138  7.7052173e-02 4.22e-04 5.05e+00  -5.4 7.71e-02    -  4.97e-01 5.98e-01h  1
 139  7.5354323e-02 4.63e-04 8.16e+00  -5.4 2.54e-01    -  1.00e+00 7.83e-01H  1
iter    objective    inf_pr   inf_du lg(mu)  ||d||  lg(rg) alpha_du alpha_pr  ls
 140  7.5729495e-02 1.29e-04 1.48e-01  -5.4 1.06e-01    -  1.00e+00 1.00e+00h  1
 141  7.5080059e-02 2.17e-04 4.62e-01  -5.4 9.04e-02    -  1.00e+00 1.00e+00h  1
 142  7.4775314e-02 6.84e-05 1.49e-01  -5.5 4.13e-02    -  1.00e+00 1.00e+00h  1
 143  7.3578022e-02 3.21e-04 3.43e+00  -5.5 1.81e-01    -  9.00e-01 1.00e+00H  1
 144  7.3461891e-02 8.64e-06 3.15e-02  -5.5 3.04e-02    -  1.00e+00 1.00e+00h  1
 145  7.2151021e-02 2.25e-03 3.75e+01  -5.6 6.11e-01    -  1.00e+00 4.13e-01h  1
 146  7.1975479e-02 9.20e-04 1.71e+01  -5.6 5.05e-02    -  4.66e-01 5.77e-01h  1
 147  7.1089845e-02 1.75e-03 1.77e+00  -5.6 2.47e-01    -  1.00e+00 1.00e+00h  1
 148  7.1319128e-02 1.38e-04 1.31e-01  -5.6 9.89e-02    -  1.00e+00 1.00e+00h  1
 149  7.0921079e-02 2.02e-04 4.73e-01  -5.6 9.19e-02    -  1.00e+00 1.00e+00h  1
iter    objective    inf_pr   inf_du lg(mu)  ||d||  lg(rg) alpha_du alpha_pr  ls
 150  7.0706885e-02 1.16e-04 1.78e-01  -5.6 6.48e-02    -  1.00e+00 1.00e+00h  1
 151  7.0128701e-02 1.03e-03 4.71e+00  -5.7 2.33e-01    -  1.00e+00 7.96e-01h  1
 152  7.0195240e-02 7.04e-05 8.74e-02  -5.7 7.04e-02    -  1.00e+00 1.00e+00h  1
 153  6.9443830e-02 2.14e-03 4.22e+01  -5.9 6.74e-01    -  1.00e+00 3.85e-01h  1
 154  6.9296981e-02 1.17e-03 2.41e+01  -5.8 1.06e-01    -  3.99e-01 4.37e-01h  1
 155  6.8836186e-02 1.60e-03 1.18e+00  -5.8 2.68e-01    -  1.00e+00 9.88e-01h  1
 156  6.8990086e-02 2.29e-04 8.97e-02  -5.8 1.17e-01    -  1.00e+00 1.00e+00h  1
 157  6.8881865e-02 7.42e-05 8.87e-02  -5.9 6.43e-02    -  1.00e+00 1.00e+00h  1
 158  6.8754795e-02 9.80e-05 2.27e+00  -5.9 6.98e-02    -  1.00e+00 7.91e-01h  1
 159  6.8685677e-02 2.71e-05 5.51e-02  -5.9 4.68e-02    -  1.00e+00 1.00e+00h  1
iter    objective    inf_pr   inf_du lg(mu)  ||d||  lg(rg) alpha_du alpha_pr  ls
 160  6.8349886e-02 1.18e-03 2.49e+01  -6.1 4.92e-01    -  1.00e+00 4.42e-01h  1
 161  6.8294984e-02 5.05e-04 1.11e+01  -6.1 2.68e-02    -  4.80e-01 5.66e-01h  1
 162  6.8000496e-02 1.65e-03 1.25e+00  -6.1 2.72e-01    -  1.00e+00 1.00e+00h  1
 163  6.8062122e-02 1.31e-04 5.75e-02  -6.2 8.90e-02    -  1.00e+00 9.98e-01h  1
 164  6.7992282e-02 9.16e-05 9.48e-02  -6.2 7.01e-02    -  1.00e+00 1.00e+00h  1
 165  6.7948556e-02 1.55e-05 1.95e-01  -6.2 2.28e-02    -  1.00e+00 9.68e-01h  1
 166  6.7909135e-02 3.42e-05 3.82e-02  -6.3 4.64e-02    -  1.00e+00 1.00e+00h  1
 167  6.7725495e-02 1.09e-03 7.30e+00  -6.6 3.11e-01    -  1.00e+00 7.20e-01h  1
 168  6.7714312e-02 8.56e-06 4.99e-02  -6.6 2.60e-02    -  1.00e+00 1.00e+00h  1
 169  6.7679586e-02 3.08e-05 1.22e-01  -6.6 2.87e-02    -  1.00e+00 9.76e-01h  1
iter    objective    inf_pr   inf_du lg(mu)  ||d||  lg(rg) alpha_du alpha_pr  ls
 170  6.7602256e-02 3.88e-04 2.99e-01  -6.9 1.40e-01    -  1.00e+00 1.00e+00h  1
 171  6.7547107e-02 3.25e-04 2.37e-01  -7.8 1.29e-01    -  1.00e+00 1.00e+00h  1
 172  6.7548003e-02 4.17e-08 9.65e-05  -8.0 2.14e-03    -  1.00e+00 1.00e+00h  1
 173  6.7543371e-02 2.98e-09 6.22e-02  -9.7 1.34e-04    -  1.00e+00 9.38e-01h  1
 174  6.7542951e-02 5.54e-12 1.03e-04 -11.0 2.81e-05    -  1.00e+00 9.99e-01h  1
 175  6.7542950e-02 2.98e-16 8.60e-12 -11.0 1.20e-07    -  1.00e+00 1.00e+00h  1

Number of Iterations....: 175

                                   (scaled)                 (unscaled)
Objective...............:   6.7542950361547213e-02    6.7542950361547213e-02
Dual infeasibility......:   8.5953990720674531e-12    8.5953990720674531e-12
Constraint violation....:   2.9813108972632500e-16    2.9813108972632500e-16
Complementarity.........:   1.0000013086755533e-11    1.0000013086755533e-11
Overall NLP error.......:   1.0000013086755533e-11    1.0000013086755533e-11


Number of objective function evaluations             = 192
Number of objective gradient evaluations             = 176
Number of equality constraint evaluations            = 192
Number of inequality constraint evaluations          = 192
Number of equality constraint Jacobian evaluations   = 177
Number of inequality constraint Jacobian evaluations = 177
Number of Lagrangian Hessian evaluations             = 175
Total CPU secs in IPOPT (w/o function evaluations)   =     46.229
Total CPU secs in NLP function evaluations           =     25.106

EXIT: Optimal Solution Found.
