
******************************************************************************
This program contains Ipopt, a library for large-scale nonlinear optimization.
 Ipopt is released as open source code under the Eclipse Public License (EPL).
         For more information visit http://projects.coin-or.org/Ipopt
******************************************************************************

This is Ipopt version 3.12.12, running with linear solver mumps.
NOTE: Other linear solvers might be more efficient (see Ipopt documentation).

Number of nonzeros in equality constraint Jacobian...:   202008
Number of nonzeros in inequality constraint Jacobian.:   150000
Number of nonzeros in Lagrangian Hessian.............:    45000

Total number of variables............................:    22008
                     variables with only lower bounds:      501
                variables with lower and upper bounds:     5507
                     variables with only upper bounds:        0
Total number of equality constraints.................:    20008
Total number of inequality constraints...............:    18000
        inequality constraints with only lower bounds:        0
   inequality constraints with lower and upper bounds:    16000
        inequality constraints with only upper bounds:     2000

iter    objective    inf_pr   inf_du lg(mu)  ||d||  lg(rg) alpha_du alpha_pr  ls
   0  9.9999900e-03 1.50e+00 1.45e+00   0.0 0.00e+00    -  0.00e+00 0.00e+00   0
   1  2.6139643e-02 8.55e-01 1.61e+00  -6.3 1.25e+00    -  2.08e-01 4.30e-01h  1
   2  3.2739927e-02 8.25e-01 1.55e+00  -6.4 3.34e+00    -  8.37e-02 3.60e-02h  1
   3  7.7335629e-02 7.66e-01 1.41e+00  -1.4 4.90e+00    -  4.97e-02 7.14e-02f  1
   4  9.7843276e-02 7.52e-01 4.77e+00  -6.5 8.41e+00    -  2.95e-02 1.73e-02h  1
   5  1.0992907e-01 7.50e-01 3.25e+01  -6.5 1.96e+01    -  6.62e-03 2.90e-03h  1
   6  1.2249369e-01 7.50e-01 9.54e+01  -6.5 5.27e+01    -  1.36e-03 7.19e-04h  1
   7  1.6433377e-01 7.49e-01 1.45e+02   0.4 6.11e+01    -  1.08e-03 6.85e-04f  1
   8  6.9888604e+00 6.89e-01 3.09e+03   0.8 8.54e+01    -  5.53e-03 7.99e-02f  1
   9  7.2297396e+00 6.83e-01 3.26e+03  -6.4 2.46e+01    -  1.55e-01 9.80e-03h  1
iter    objective    inf_pr   inf_du lg(mu)  ||d||  lg(rg) alpha_du alpha_pr  ls
  10  1.3111088e+01 6.05e-01 2.85e+03   0.4 5.36e+01    -  1.61e-01 1.14e-01f  1
  11  4.7530053e+01 1.06e-01 5.07e+02   0.2 4.18e+01    -  3.26e-01 8.24e-01h  1
  12  5.4271995e+01 1.07e-03 1.89e+01  -0.7 6.83e+00    -  9.29e-01 9.90e-01h  1
  13  5.3863495e+01 1.72e-05 1.48e+02  -2.1 4.15e-01    -  8.49e-01 9.84e-01h  1
  14  5.2288557e+01 6.71e-06 9.99e+03  -2.4 2.58e+00    -  7.73e-01 6.11e-01h  1
  15  4.9146253e+01 1.28e-06 7.16e+02  -2.5 3.90e+00    -  9.30e-01 8.10e-01f  1
  16  4.5757379e+01 8.72e-07 6.06e+01  -2.8 4.98e+00    -  1.00e+00 6.81e-01h  1
  17  4.3031129e+01 1.29e-06 2.11e-08  -2.9 2.73e+00    -  1.00e+00 1.00e+00h  1
  18  4.2868727e+01 1.32e-06 3.90e+02  -3.8 2.92e+00    -  9.99e-01 5.56e-02h  4
  19  4.4105475e+01 7.72e-07 4.02e+04  -2.6 2.98e+00    -  7.21e-01 4.15e-01h  1
iter    objective    inf_pr   inf_du lg(mu)  ||d||  lg(rg) alpha_du alpha_pr  ls
  20  4.3410692e+01 9.76e-07 1.43e+02  -3.0 2.14e+00    -  1.00e+00 3.25e-01f  1
  21  4.1801955e+01 1.39e-06 2.00e+02  -3.7 3.14e+00    -  1.00e+00 5.12e-01h  1
  22  4.1746963e+01 1.33e-06 6.11e+05  -3.4 1.14e+00    -  3.50e-01 4.84e-02h  1
  23  4.1746449e+01 1.33e-06 1.33e+09  -3.9 1.65e+00    -  5.21e-01 3.12e-04h  1
  24  4.1713750e+01 1.43e-06 1.23e+07  -5.2 1.61e+00    -  9.91e-01 2.03e-02f  1
  25  4.1088464e+01 1.69e-06 4.91e+02  -4.2 1.58e+00    -  1.00e+00 3.97e-01f  2
  26  4.1088590e+01 1.69e-06 2.35e+09  -2.8 2.86e+00    -  1.01e-01 4.40e-05h  1
  27  4.0937034e+01 1.55e-06 1.61e+09  -3.5 3.03e-01    -  3.15e-01 5.00e-01f  2
  28  4.0656745e+01 1.43e-06 1.41e+07  -3.5 2.80e-01    -  9.91e-01 1.00e+00h  1
  29  4.0104782e+01 1.69e-06 2.65e+01  -4.8 6.32e-01    -  1.00e+00 8.73e-01f  1
iter    objective    inf_pr   inf_du lg(mu)  ||d||  lg(rg) alpha_du alpha_pr  ls
  30  4.0104800e+01 1.69e-06 1.83e+09  -3.3 7.51e-01    -  2.23e-02 2.47e-05h  1
  31  4.0120365e+01 1.51e-06 1.51e+09  -4.3 1.56e-02    -  1.77e-01 1.00e+00f  1
  32  4.0120581e+01 1.44e-06 3.27e+08  -4.3 6.49e-03    -  7.83e-01 2.19e-01h  1
  33  4.0120635e+01 1.40e-06 2.41e+03  -4.3 3.20e-03    -  1.00e+00 6.65e-02h  4
  34r 4.0120635e+01 1.40e-06 1.00e+03  -4.3 0.00e+00    -  0.00e+00 2.80e-07R  3
  35r 4.0136035e+01 1.42e-06 6.41e+02  -4.7 4.42e-02    -  6.59e-01 3.49e-01f  1
  36  4.0555446e+01 1.23e-06 1.39e+06  -1.9 3.07e+00    -  9.20e-01 1.37e-01f  1
  37  4.0561232e+01 1.22e-06 3.80e+08  -1.2 3.65e+00    -  1.99e-01 1.59e-03h  1
  38  4.4855230e+01 5.08e-06 2.12e+08  -1.2 4.29e+00    -  4.42e-01 1.00e+00f  1
  39  4.7783699e+01 4.09e-06 1.30e+08  -1.2 5.65e+00    -  3.89e-01 5.20e-01f  1
iter    objective    inf_pr   inf_du lg(mu)  ||d||  lg(rg) alpha_du alpha_pr  ls
  40  5.6059798e+01 8.54e-06 9.36e+07  -1.2 8.28e+00    -  2.79e-01 1.00e+00f  1
  41  6.1463872e+01 9.75e-06 6.94e+07  -1.2 9.93e+00    -  2.58e-01 5.44e-01f  1
  42  6.6752212e+01 1.03e-05 4.75e+07  -1.2 1.26e+01    -  3.16e-01 4.19e-01f  1
  43  7.3198877e+01 1.05e-05 3.51e+07  -1.2 1.71e+01    -  2.61e-01 3.77e-01f  1
  44  7.9704038e+01 1.05e-05 2.10e+07  -1.2 2.18e+01    -  4.01e-01 2.99e-01f  1
  45  9.1129001e+01 1.03e-05 1.08e+07  -1.2 3.40e+01    -  4.87e-01 3.36e-01f  1
  46  1.1126125e+02 1.01e-05 3.40e+06  -1.2 5.94e+01    -  6.85e-01 3.39e-01f  1
  47  1.4222269e+02 9.87e-06 7.79e+02  -1.2 9.27e+01    -  1.00e+00 3.34e-01f  1
  48  1.4514084e+02 1.57e-06 9.33e-07  -1.9 8.38e+00    -  1.00e+00 1.00e+00h  1
  49  1.4054438e+02 1.79e-06 8.70e+01  -2.8 1.07e+01    -  8.31e-01 1.00e+00h  1
iter    objective    inf_pr   inf_du lg(mu)  ||d||  lg(rg) alpha_du alpha_pr  ls
  50  1.4171658e+02 2.04e-06 2.53e+01  -4.3 9.75e+00    -  7.09e-01 7.09e-01s 22
  51  1.4300478e+02 2.06e-06 7.98e+00  -6.4 5.94e+00    -  6.85e-01 6.85e-01s 22
  52  1.4377178e+02 2.02e-06 2.49e+00  -6.4 2.83e+00    -  6.88e-01 6.88e-01s 22
  53  1.4392707e+02 1.97e-06 1.74e+00  -9.6 1.23e+00    -  3.02e-01 3.02e-01s 22
  54  1.4394811e+02 1.94e-06 1.64e+00  -9.6 9.94e-01    -  5.26e-02 5.26e-02s 22
  55  1.4398131e+02 1.87e-06 1.50e+00  -9.6 9.73e-01    -  8.65e-02 8.65e-02s 22
  56  1.4403447e+02 1.76e-06 1.28e+00  -9.6 9.36e-01    -  1.48e-01 1.48e-01s 22
  57  1.4409272e+02 1.64e-06 1.04e+00  -9.6 8.85e-01    -  1.83e-01 1.83e-01s 22
  58  1.4421450e+02 1.39e-06 5.74e-01  -9.6 8.44e-01    -  4.50e-01 4.50e-01s 22
  59  1.4429826e+02 1.23e-06 2.82e-01  -9.6 7.66e-01    -  5.08e-01 5.08e-01s 22
iter    objective    inf_pr   inf_du lg(mu)  ||d||  lg(rg) alpha_du alpha_pr  ls
  60  1.4434200e+02 1.15e-06 1.35e-01  -9.6 8.48e-01    -  5.23e-01 5.23e-01s 22
  61  1.4434270e+02 1.15e-06 1.32e-01  -9.6 7.12e-01    -  1.84e-02 1.84e-02s 22
  62  1.4434347e+02 1.14e-06 1.29e-01  -9.6 7.02e-01    -  2.07e-02 2.07e-02s 22
  63  1.4434406e+02 1.14e-06 1.27e-01  -9.6 6.91e-01    -  1.64e-02 1.64e-02s 22
  64r 1.4434406e+02 1.14e-06 1.00e+03  -5.9 0.00e+00    -  0.00e+00 0.00e+00R  1
  65r 1.4434406e+02 1.19e-06 1.58e+03  -7.8 1.99e-03    -  8.43e-02 5.40e-03f  1
  66r 1.4434400e+02 1.77e-06 1.72e+03  -5.8 4.10e-02    -  1.73e-01 9.05e-02f  1
  67r 1.4434393e+02 1.81e-06 1.81e+03  -6.4 4.32e-03    -  3.01e-01 1.74e-01f  1
  68r 1.4434379e+02 1.90e-06 1.67e+03  -5.9 2.12e-02    -  6.49e-02 1.46e-01f  1
  69r 1.4434377e+02 1.91e-06 9.31e+02  -5.4 5.17e-02    -  1.25e-01 1.37e-02f  1
iter    objective    inf_pr   inf_du lg(mu)  ||d||  lg(rg) alpha_du alpha_pr  ls
  70r 1.4434369e+02 1.91e-06 7.56e+02  -6.0 9.71e-03    -  3.59e-01 1.53e-01f  1
  71r 1.4434341e+02 1.93e-06 3.82e+02  -6.2 8.64e-03    -  4.81e-01 4.95e-01f  1
  72r 1.4434322e+02 1.94e-06 4.16e+02  -6.3 1.46e-02    -  4.37e-01 1.91e-01f  1
  73r 1.4434307e+02 1.94e-06 1.24e+02  -7.5 7.22e-03    -  6.00e-01 6.46e-01f  1
  74r 1.4434216e+02 1.94e-06 1.07e+02  -7.8 3.84e-03    -  4.90e-01 6.75e-01f  1
  75r 1.4434091e+02 1.94e-06 1.61e+02  -8.5 5.49e-03    -  3.84e-01 6.05e-01f  1
  76r 1.4433916e+02 1.94e-06 1.50e+02  -9.3 1.55e-02    -  3.14e-01 4.43e-01f  1
  77r 1.4433652e+02 1.94e-06 1.32e+02  -9.3 4.10e-02    -  2.53e-01 3.32e-01f  1
  78r 1.4433420e+02 1.94e-06 1.14e+02  -9.3 3.78e-02    -  2.13e-01 2.64e-01f  1
  79r 1.4433377e+02 1.94e-06 3.03e+02  -9.3 3.33e-02    -  7.07e-02 4.48e-02h  1
iter    objective    inf_pr   inf_du lg(mu)  ||d||  lg(rg) alpha_du alpha_pr  ls
  80r 1.4433157e+02 1.94e-06 2.36e+02  -9.3 3.27e-02    -  1.73e-01 2.24e-01h  1
  81r 1.4432983e+02 1.94e-06 1.98e+02  -9.3 2.87e-02    -  1.47e-01 1.67e-01h  1
  82r 1.4432824e+02 1.94e-06 1.71e+02  -9.3 2.55e-02    -  1.27e-01 1.43e-01h  1
  83r 1.4432672e+02 1.94e-06 1.14e+02  -9.3 2.49e-02    -  9.80e-02 1.31e-01h  1
  84r 1.4432590e+02 1.94e-06 9.99e+01  -9.3 2.52e-02    -  1.13e-01 6.76e-02h  1
  85r 1.4432445e+02 1.94e-06 9.48e+01  -9.3 2.61e-02    -  8.82e-02 1.12e-01h  1
  86r 1.4432276e+02 1.94e-06 6.77e+02  -9.3 2.57e-02    -  8.60e-03 1.27e-01h  1
  87r 1.4432177e+02 1.93e-06 6.15e+02  -9.3 2.40e-02    -  1.32e-01 7.73e-02h  1
  88r 1.4432027e+02 1.93e-06 5.53e+02  -9.3 2.44e-02    -  8.47e-02 1.07e-01h  1
  89r 1.4431910e+02 1.93e-06 5.08e+02  -9.3 2.34e-02    -  8.38e-02 8.05e-02h  1
iter    objective    inf_pr   inf_du lg(mu)  ||d||  lg(rg) alpha_du alpha_pr  ls
  90r 1.4431768e+02 1.93e-06 4.61e+02  -9.3 2.38e-02    -  7.58e-02 9.51e-02h  1
  91r 1.4431635e+02 1.93e-06 4.23e+02  -9.3 2.39e-02    -  7.46e-02 8.72e-02h  1
  92r 1.4431502e+02 1.93e-06 3.91e+02  -9.3 2.38e-02    -  6.96e-02 8.54e-02h  1
  93r 1.4431380e+02 1.93e-06 3.64e+02  -9.3 2.32e-02    -  6.31e-02 7.81e-02h  1
  94r 1.4431278e+02 1.93e-06 3.44e+02  -9.3 2.16e-02    -  5.06e-02 6.90e-02h  1
  95r 1.4431236e+02 1.93e-06 3.33e+02  -9.3 1.72e-02    -  2.89e-02 4.14e-02h  1
  96r 1.4431237e+02 1.93e-06 3.27e+02  -9.3 4.83e-02    -  1.56e-02 1.69e-02h  1
  97r 1.4431245e+02 1.93e-06 3.23e+02  -9.3 5.30e-02    -  1.27e-02 1.57e-02h  1
  98r 1.4431256e+02 1.93e-06 3.18e+02  -9.3 5.57e-02    -  1.25e-02 1.45e-02h  1
  99r 1.4431268e+02 1.93e-06 3.14e+02  -9.3 5.72e-02    -  1.19e-02 1.38e-02h  1
iter    objective    inf_pr   inf_du lg(mu)  ||d||  lg(rg) alpha_du alpha_pr  ls
 100r 1.4431282e+02 1.93e-06 3.10e+02  -9.3 5.82e-02    -  1.18e-02 1.33e-02h  1
 101r 1.4431296e+02 1.93e-06 3.07e+02  -9.3 5.88e-02    -  1.11e-02 1.28e-02h  1
 102r 1.4431311e+02 1.93e-06 3.03e+02  -9.3 5.92e-02    -  1.12e-02 1.24e-02h  1
 103r 1.4431326e+02 1.93e-06 2.99e+02  -9.3 5.94e-02    -  1.07e-02 1.19e-02h  1
 104r 1.4431341e+02 1.93e-06 2.96e+02  -9.3 5.95e-02    -  1.06e-02 1.17e-02h  1
 105r 1.4431356e+02 1.93e-06 2.93e+02  -9.3 5.95e-02    -  1.05e-02 1.13e-02h  1
 106r 1.4431371e+02 1.93e-06 2.90e+02  -9.3 5.94e-02    -  1.01e-02 1.11e-02h  1
 107r 1.4431386e+02 1.93e-06 2.87e+02  -9.3 5.93e-02    -  1.02e-02 1.07e-02h  1
 108r 1.4431400e+02 1.93e-06 2.84e+02  -9.3 5.91e-02    -  9.68e-03 1.05e-02h  1
 109r 1.4431415e+02 1.93e-06 2.81e+02  -9.3 5.89e-02    -  9.80e-03 1.02e-02h  1
iter    objective    inf_pr   inf_du lg(mu)  ||d||  lg(rg) alpha_du alpha_pr  ls
 110r 1.4431429e+02 1.93e-06 2.78e+02  -9.3 5.86e-02    -  9.48e-03 1.00e-02h  1
 111r 1.4431443e+02 1.93e-06 2.75e+02  -9.3 5.83e-02    -  9.42e-03 9.78e-03h  1
 112r 1.4431457e+02 1.93e-06 2.73e+02  -9.3 5.81e-02    -  9.39e-03 9.51e-03h  1
 113r 1.4431471e+02 1.93e-06 2.70e+02  -9.3 5.78e-02    -  9.05e-03 9.34e-03h  1
 114r 1.4431484e+02 1.93e-06 2.68e+02  -9.3 5.75e-02    -  9.08e-03 9.16e-03h  1
 115r 1.4431498e+02 1.93e-06 2.65e+02  -9.3 5.72e-02    -  8.87e-03 8.89e-03h  1
 116r 1.4431511e+02 1.93e-06 2.63e+02  -9.3 5.68e-02    -  8.86e-03 8.84e-03h  1
 117r 1.4431523e+02 1.93e-06 2.61e+02  -9.3 5.65e-02    -  8.71e-03 8.43e-03h  1
 118r 1.4431536e+02 1.93e-06 2.59e+02  -9.3 5.62e-02    -  8.70e-03 8.49e-03h  1
 119r 1.4431548e+02 1.93e-06 2.57e+02  -9.3 5.59e-02    -  8.33e-03 8.13e-03h  1
iter    objective    inf_pr   inf_du lg(mu)  ||d||  lg(rg) alpha_du alpha_pr  ls
 120r 1.4431560e+02 1.93e-06 2.54e+02  -9.3 5.55e-02    -  8.44e-03 8.10e-03h  1
 121r 1.4431572e+02 1.93e-06 2.52e+02  -9.3 5.52e-02    -  8.15e-03 7.85e-03h  1
 122r 1.4431583e+02 1.93e-06 2.51e+02  -9.3 5.49e-02    -  8.24e-03 7.73e-03h  1
 123r 1.4431595e+02 1.93e-06 2.49e+02  -9.3 5.46e-02    -  7.98e-03 7.66e-03h  1
 124r 1.4431606e+02 1.93e-06 2.47e+02  -9.3 5.43e-02    -  8.05e-03 7.39e-03h  1
 125r 1.4431617e+02 1.93e-06 2.45e+02  -9.3 5.40e-02    -  7.84e-03 7.43e-03h  1
 126r 1.4431627e+02 1.93e-06 2.43e+02  -9.3 5.37e-02    -  7.85e-03 7.14e-03h  1
 127r 1.4431638e+02 1.93e-06 2.42e+02  -9.3 5.34e-02    -  7.79e-03 7.12e-03h  1
 128r 1.4431648e+02 1.93e-06 2.40e+02  -9.3 5.31e-02    -  7.66e-03 7.00e-03h  1
 129r 1.4431658e+02 1.93e-06 2.38e+02  -9.3 5.28e-02    -  7.73e-03 6.81e-03h  1
iter    objective    inf_pr   inf_du lg(mu)  ||d||  lg(rg) alpha_du alpha_pr  ls
 130r 1.4431669e+02 1.93e-06 2.37e+02  -9.3 5.25e-02    -  7.39e-03 6.83e-03h  1
 131r 1.4431678e+02 1.93e-06 2.35e+02  -9.3 5.22e-02    -  7.59e-03 6.65e-03h  1
 132r 1.4431688e+02 1.93e-06 2.34e+02  -9.3 5.19e-02    -  7.44e-03 6.55e-03h  1
 133r 1.4431698e+02 1.93e-06 2.33e+02  -9.3 5.17e-02    -  7.52e-03 6.49e-03h  1
 134r 1.4431707e+02 1.93e-06 2.31e+02  -9.3 5.14e-02    -  7.44e-03 6.15e-03h  1
 135r 1.4431716e+02 1.93e-06 2.30e+02  -9.3 5.11e-02    -  7.21e-03 6.15e-03h  1
 136r 1.4431725e+02 1.93e-06 2.29e+02  -9.3 5.08e-02    -  7.38e-03 6.13e-03h  1
 137r 1.4431734e+02 1.93e-06 2.28e+02  -9.3 5.06e-02    -  7.19e-03 5.85e-03h  1
 138r 1.4431742e+02 1.93e-06 2.27e+02  -9.3 5.03e-02    -  7.35e-03 5.85e-03h  1
 139r 1.4431750e+02 1.93e-06 2.26e+02  -9.3 5.01e-02    -  7.09e-03 5.72e-03h  1
iter    objective    inf_pr   inf_du lg(mu)  ||d||  lg(rg) alpha_du alpha_pr  ls
 140r 1.4431759e+02 1.93e-06 2.25e+02  -9.3 4.98e-02    -  7.29e-03 5.55e-03h  1
 141r 1.4431767e+02 1.93e-06 2.24e+02  -9.3 4.96e-02    -  7.07e-03 5.63e-03h  1
 142r 1.4431775e+02 1.93e-06 2.23e+02  -9.3 4.94e-02    -  7.24e-03 5.36e-03h  1
 143r 1.4431782e+02 1.93e-06 2.23e+02  -9.3 4.91e-02    -  6.96e-03 5.37e-03h  1
 144r 1.4431790e+02 1.93e-06 2.22e+02  -9.3 4.89e-02    -  6.72e-03 5.29e-03h  1
 145r 1.4431798e+02 1.93e-06 2.21e+02  -9.3 4.87e-02    -  6.84e-03 5.15e-03h  1
 146r 1.4431805e+02 1.93e-06 2.20e+02  -9.3 4.85e-02    -  6.46e-03 5.27e-03h  1
 147r 1.4431813e+02 1.93e-06 2.19e+02  -9.3 4.83e-02    -  6.51e-03 5.09e-03h  1
 148r 1.4431820e+02 1.93e-06 2.18e+02  -9.3 4.81e-02    -  6.49e-03 5.09e-03h  1
 149r 1.4431828e+02 1.93e-06 2.18e+02  -9.3 4.79e-02    -  6.23e-03 5.21e-03h  1
iter    objective    inf_pr   inf_du lg(mu)  ||d||  lg(rg) alpha_du alpha_pr  ls
 150r 1.4431835e+02 1.93e-06 2.17e+02  -9.3 4.77e-02    -  6.35e-03 5.00e-03h  1
 151r 1.4431842e+02 1.93e-06 2.16e+02  -9.3 4.75e-02    -  6.22e-03 4.99e-03h  1
 152r 1.4431849e+02 1.93e-06 2.15e+02  -9.3 4.73e-02    -  6.03e-03 5.08e-03h  1
 153r 1.4431856e+02 1.93e-06 2.14e+02  -9.3 4.71e-02    -  6.11e-03 4.89e-03h  1
 154r 1.4431863e+02 1.93e-06 2.13e+02  -9.3 4.69e-02    -  6.02e-03 4.87e-03h  1
 155r 1.4431871e+02 1.93e-06 2.12e+02  -9.3 4.67e-02    -  5.82e-03 4.92e-03h  1
 156r 1.4431878e+02 1.93e-06 2.11e+02  -9.3 4.65e-02    -  5.84e-03 4.86e-03h  1
 157r 1.4431884e+02 1.93e-06 2.10e+02  -9.3 4.63e-02    -  5.90e-03 4.75e-03h  1
 158r 1.4431891e+02 1.93e-06 2.09e+02  -9.3 4.61e-02    -  5.67e-03 4.76e-03h  1
 159r 1.4431898e+02 1.93e-06 2.08e+02  -9.3 4.59e-02    -  5.60e-03 4.79e-03h  1
iter    objective    inf_pr   inf_du lg(mu)  ||d||  lg(rg) alpha_du alpha_pr  ls
 160r 1.4431905e+02 1.93e-06 2.07e+02  -9.3 4.57e-02    -  5.62e-03 4.72e-03h  1
 161r 1.4431911e+02 1.93e-06 2.06e+02  -9.3 4.55e-02    -  5.66e-03 4.62e-03h  1
 162r 1.4431918e+02 1.93e-06 2.05e+02  -9.3 4.53e-02    -  5.44e-03 4.61e-03h  1
 163r 1.4431924e+02 1.92e-06 2.04e+02  -9.3 4.51e-02    -  5.38e-03 4.59e-03h  1
 164r 1.4431931e+02 1.92e-06 2.03e+02  -9.3 4.49e-02    -  5.38e-03 4.69e-03h  1
 165r 1.4431937e+02 1.92e-06 2.02e+02  -9.3 4.48e-02    -  5.40e-03 4.50e-03h  1
 166r 1.4431944e+02 1.92e-06 2.01e+02  -9.3 4.46e-02    -  5.39e-03 4.46e-03h  1
 167r 1.4431950e+02 1.92e-06 2.00e+02  -9.3 4.44e-02    -  5.22e-03 4.44e-03h  1
 168r 1.4431956e+02 1.92e-06 1.99e+02  -9.3 4.42e-02    -  5.14e-03 4.44e-03h  1
 169r 1.4431962e+02 1.92e-06 1.98e+02  -9.3 4.40e-02    -  5.12e-03 4.48e-03h  1
iter    objective    inf_pr   inf_du lg(mu)  ||d||  lg(rg) alpha_du alpha_pr  ls
 170r 1.4431969e+02 1.92e-06 1.97e+02  -9.3 4.38e-02    -  5.13e-03 4.45e-03h  1
 171r 1.4431975e+02 1.92e-06 1.96e+02  -9.3 4.37e-02    -  5.14e-03 4.33e-03h  1
 172r 1.4431981e+02 1.92e-06 1.95e+02  -9.3 4.35e-02    -  5.12e-03 4.29e-03h  1
 173r 1.4431986e+02 1.92e-06 1.94e+02  -9.3 4.33e-02    -  4.96e-03 4.23e-03h  1
 174r 1.4431992e+02 1.92e-06 1.93e+02  -9.3 4.31e-02    -  4.90e-03 4.22e-03h  1
 175r 1.4431998e+02 1.92e-06 1.92e+02  -9.3 4.30e-02    -  4.85e-03 4.26e-03h  1
 176r 1.4432004e+02 1.92e-06 1.91e+02  -9.3 4.28e-02    -  4.86e-03 4.25e-03h  1
 177r 1.4432010e+02 1.92e-06 1.90e+02  -9.3 4.26e-02    -  4.82e-03 4.31e-03h  1
 178r 1.4432016e+02 1.91e-06 1.88e+02  -9.3 4.25e-02    -  4.85e-03 4.22e-03h  1
 179r 1.4432022e+02 1.91e-06 1.87e+02  -9.3 4.23e-02    -  4.83e-03 4.14e-03h  1
iter    objective    inf_pr   inf_du lg(mu)  ||d||  lg(rg) alpha_du alpha_pr  ls
 180r 1.4432027e+02 1.91e-06 1.86e+02  -9.3 4.21e-02    -  4.81e-03 4.08e-03h  1
 181r 1.4432033e+02 1.91e-06 1.85e+02  -9.3 4.20e-02    -  4.75e-03 4.03e-03h  1
 182r 1.4432038e+02 1.91e-06 1.84e+02  -9.3 4.18e-02    -  4.64e-03 4.00e-03h  1
 183r 1.4432044e+02 1.91e-06 1.83e+02  -9.3 4.17e-02    -  4.60e-03 3.98e-03h  1
 184r 1.4432049e+02 1.91e-06 1.82e+02  -9.3 4.15e-02    -  4.55e-03 3.97e-03h  1
 185r 1.4432054e+02 1.90e-06 1.81e+02  -9.3 4.14e-02    -  4.52e-03 3.96e-03h  1
 186r 1.4432060e+02 1.90e-06 1.80e+02  -9.3 4.12e-02    -  4.48e-03 3.94e-03h  1
 187r 1.4432065e+02 1.90e-06 1.79e+02  -9.3 4.10e-02    -  4.45e-03 3.93e-03h  1
 188r 1.4432070e+02 1.90e-06 1.78e+02  -9.3 4.09e-02    -  4.42e-03 3.92e-03h  1
 189r 1.4432076e+02 1.90e-06 1.77e+02  -9.3 4.07e-02    -  4.39e-03 3.88e-03h  1
iter    objective    inf_pr   inf_du lg(mu)  ||d||  lg(rg) alpha_du alpha_pr  ls
 190r 1.4432081e+02 1.89e-06 1.76e+02  -9.3 4.06e-02    -  4.36e-03 3.89e-03h  1
 191r 1.4432086e+02 1.89e-06 1.75e+02  -9.3 4.04e-02    -  4.33e-03 3.86e-03h  1
 192r 1.4432091e+02 1.89e-06 1.74e+02  -9.3 4.03e-02    -  4.29e-03 3.84e-03h  1
 193r 1.4432096e+02 1.88e-06 1.73e+02  -9.3 4.01e-02    -  4.26e-03 3.81e-03h  1
 194r 1.4432101e+02 1.88e-06 1.72e+02  -9.3 4.00e-02    -  4.22e-03 3.78e-03h  1
 195r 1.4432106e+02 1.87e-06 1.72e+02  -9.3 3.98e-02    -  4.18e-03 3.74e-03h  1
 196r 1.4432111e+02 1.86e-06 1.71e+02  -9.3 3.97e-02    -  4.14e-03 3.70e-03h  1
 197r 1.4432116e+02 1.86e-06 1.70e+02  -9.3 3.96e-02    -  4.10e-03 3.64e-03h  1
 198r 1.4432119e+02 1.85e-06 1.68e+02  -9.3 3.94e-02    -  4.05e-03 1.83e-03h  1
 199r 1.4432124e+02 1.85e-06 1.68e+02  -9.3 3.93e-02    -  3.49e-03 4.11e-03h  1
iter    objective    inf_pr   inf_du lg(mu)  ||d||  lg(rg) alpha_du alpha_pr  ls
 200r 1.4432129e+02 1.84e-06 1.67e+02  -9.3 3.92e-02    -  4.26e-03 3.43e-03h  1
 201r 1.4432133e+02 1.83e-06 1.66e+02  -9.3 3.90e-02    -  3.92e-03 3.52e-03h  1
 202r 1.4432138e+02 1.81e-06 1.65e+02  -9.3 3.89e-02    -  3.92e-03 3.47e-03h  1
 203r 1.4432142e+02 1.79e-06 1.64e+02  -9.3 3.87e-02    -  3.85e-03 3.46e-03f  1
 204r 1.4432147e+02 1.76e-06 1.63e+02  -9.3 3.86e-02    -  3.80e-03 3.47e-03f  1
 205r 1.4432151e+02 1.72e-06 1.62e+02  -9.3 3.84e-02    -  3.71e-03 3.36e-03f  1
 206r 1.4432155e+02 1.65e-06 1.62e+02  -9.3 3.80e-02    -  3.55e-03 3.18e-03f  1
 207r 1.4432159e+02 1.51e-06 1.61e+02  -9.3 3.75e-02    -  3.48e-03 2.79e-03f  1
 208r 1.4432162e+02 1.09e-06 1.61e+02  -9.3 3.60e-02    -  2.08e-03 2.30e-03f  1
 209r 1.4432162e+02 2.70e-07 1.61e+02  -8.4 3.33e-02    -  2.98e-04 3.97e-04f  1
iter    objective    inf_pr   inf_du lg(mu)  ||d||  lg(rg) alpha_du alpha_pr  ls
 210  1.4049009e+02 2.53e-07 3.65e+08   0.6 7.96e+02    -  4.53e-05 6.33e-02f  1
 211  1.4050265e+02 1.04e-06 3.65e+08  -0.8 1.30e+01    -  1.08e-03 1.08e-03s 13
 212  1.5591598e+02 7.85e-04 4.50e+07  -0.4 2.47e+01    -  8.77e-01 6.42e-01f  1
 213  1.6573068e+02 3.53e-04 1.94e+07  -1.1 1.97e+01    -  5.69e-01 5.11e-01h  1
 214  1.7973239e+02 1.10e-05 3.64e+06  -1.8 1.63e+01    -  8.12e-01 9.36e-01h  1
 215  1.9666031e+02 2.06e-06 8.64e+05  -2.6 2.19e+01    -  7.62e-01 9.83e-01h  1
 216  2.0190054e+02 2.26e-06 1.05e+05  -2.6 1.20e+01    -  8.79e-01 8.79e-01s 22
 217  2.0316871e+02 2.30e-06 3.00e+04  -4.0 6.18e+00    -  7.14e-01 7.14e-01s 22
 218  2.0359971e+02 2.31e-06 6.18e+03  -4.0 2.78e+00    -  7.94e-01 7.94e-01s 22
 219  2.0371846e+02 2.31e-06 1.91e+03  -5.9 1.19e+00    -  6.91e-01 6.91e-01s 22
iter    objective    inf_pr   inf_du lg(mu)  ||d||  lg(rg) alpha_du alpha_pr  ls
 220  2.0375253e+02 2.31e-06 5.27e+02  -5.9 1.15e+00    -  7.24e-01 7.24e-01s 22
 221  2.0373245e+02 2.31e-06 1.35e+02  -5.9 1.26e+00    -  7.43e-01 7.43e-01s 22
MUMPS returned INFO(1) = -9 and requires more memory, reallocating.  Attempt 1
  Increasing icntl[13] from 1000 to 2000.
MUMPS returned INFO(1) = -9 and requires more memory, reallocating.  Attempt 2
  Increasing icntl[13] from 2000 to 4000.
In iteration 221, 1 Slack too small, adjusting variable bound
 222  2.0372722e+02 2.31e-06 3.17e+03  -8.9 4.86e-01    -  8.81e-01 9.56e-01h  1
