
******************************************************************************
This program contains Ipopt, a library for large-scale nonlinear optimization.
 Ipopt is released as open source code under the Eclipse Public License (EPL).
         For more information visit http://projects.coin-or.org/Ipopt
******************************************************************************

This is Ipopt version 3.12.12, running with linear solver mumps.
NOTE: Other linear solvers might be more efficient (see Ipopt documentation).

Number of nonzeros in equality constraint Jacobian...:    58007
Number of nonzeros in inequality constraint Jacobian.:    25001
Number of nonzeros in Lagrangian Hessian.............:    30000

Total number of variables............................:    15007
                     variables with only lower bounds:        0
                variables with lower and upper bounds:     8007
                     variables with only upper bounds:        0
Total number of equality constraints.................:    14007
Total number of inequality constraints...............:     9001
        inequality constraints with only lower bounds:        0
   inequality constraints with lower and upper bounds:        0
        inequality constraints with only upper bounds:     8001

iter    objective    inf_pr   inf_du lg(mu)  ||d||  lg(rg) alpha_du alpha_pr  ls
   0  9.9999900e-03 9.53e-01 1.00e+00   0.0 0.00e+00    -  0.00e+00 0.00e+00   0
   1  7.0896709e-02 9.46e-01 7.57e+02   0.8 1.03e+03    -  3.52e-04 7.60e-03f  1
   2  7.1126225e-02 9.46e-01 7.57e+02  -6.4 6.93e+02    -  5.72e-03 8.60e-05h  1
   3  9.2936028e-02 9.44e-01 7.57e+02   0.6 4.48e+02    -  3.64e-03 1.49e-03f  1
   4  1.6265956e-01 9.43e-01 7.56e+02   1.0 3.31e+02    -  3.95e-03 1.70e-03f  1
   5  2.5726600e-01 9.41e-01 7.54e+02   1.0 5.02e+02    -  5.59e-03 1.93e-03f  1
   6  3.9857267e-01 9.39e-01 7.53e+02   1.5 2.32e+02    -  6.07e-03 1.55e-03f  1
   7  3.9863434e-01 9.39e-01 1.41e+03   1.8 1.13e+03    -  1.34e-02 5.08e-04f  1
   8  3.9903304e-01 9.38e-01 5.17e+04   2.2 8.08e+02    -  7.53e-03 3.62e-04f  1
   9  3.9999034e-01 9.36e-01 1.09e+06   2.4 1.06e+03    -  4.89e-02 3.21e-03f  1
iter    objective    inf_pr   inf_du lg(mu)  ||d||  lg(rg) alpha_du alpha_pr  ls
  10  3.9999322e-01 9.35e-01 1.44e+06   2.6 3.15e+03    -  9.50e-04 6.21e-04h  1
  11  3.9999474e-01 9.35e-01 2.02e+06   2.6 4.15e+03    -  2.45e-04 1.22e-04h  1
  12  3.9999565e-01 9.35e-01 2.88e+06  -4.8 4.42e+03    -  1.49e-04 6.01e-05h  1
  13  3.9999708e-01 9.35e-01 6.09e+06   2.4 4.72e+03    -  2.90e-04 9.78e-05h  1
  14  3.9999785e-01 9.35e-01 6.30e+06  -4.8 8.95e+03    -  5.38e-05 4.97e-05h  1
  15  3.9999848e-01 9.35e-01 2.80e+06   2.6 8.15e+03    -  2.67e-06 4.14e-05h  1
  16  3.9999871e-01 9.35e-01 8.48e+06   2.6 2.03e+04    -  5.66e-05 1.44e-05h  1
  17  3.9999894e-01 9.35e-01 1.08e+07   2.6 5.20e+04    -  2.33e-05 1.42e-05h  1
  18r 3.9999894e-01 9.35e-01 1.00e+03  -0.0 0.00e+00    -  0.00e+00 1.36e-07R  2
  19r 3.9930848e-01 1.18e+00 1.30e+03   2.4 2.26e+02    -  1.07e-02 4.10e-03f  1
iter    objective    inf_pr   inf_du lg(mu)  ||d||  lg(rg) alpha_du alpha_pr  ls
  20r 3.9937738e-01 1.11e+00 1.30e+03   0.8 1.24e+02    -  3.71e-03 5.48e-03f  1
  21r 3.9929097e-01 1.10e+00 1.33e+03   2.5 1.42e+02    -  1.13e-02 6.95e-04f  1
  22r 3.9968537e-01 6.41e-01 1.31e+03   0.7 3.23e+01    -  1.82e-02 2.59e-02f  1
  23  4.0001368e-01 6.40e-01 2.05e+00  -6.4 1.18e+03    -  2.03e-03 9.82e-04h  1
  24  4.0031701e-01 6.40e-01 1.30e+02   0.2 1.52e+03    -  5.90e-03 3.56e-04h  1
  25  4.0044372e-01 6.40e-01 7.67e+03   1.2 1.01e+03    -  1.16e-02 5.75e-05h  1
  26  4.0077515e-01 6.39e-01 5.14e+05   1.8 1.02e+03    -  1.77e-02 4.74e-04h  1
  27  4.0082212e-01 6.39e-01 1.39e+06   2.2 2.73e+03    -  8.10e-04 2.10e-04h  1
  28  4.0083916e-01 6.39e-01 3.83e+06   2.3 3.67e+03    -  3.33e-04 7.91e-05h  1
  29  4.0084443e-01 6.39e-01 7.59e+06  -5.7 6.72e+03    -  1.01e-04 2.43e-05h  1
iter    objective    inf_pr   inf_du lg(mu)  ||d||  lg(rg) alpha_du alpha_pr  ls
  30  4.0085239e-01 6.39e-01 6.92e+06   2.4 1.73e+04    -  3.14e-05 3.65e-05h  1
  31  4.0085482e-01 6.39e-01 1.62e+07   2.3 4.11e+04    -  3.70e-05 1.10e-05h  1
  32  4.0085817e-01 6.39e-01 1.78e+07   2.4 3.98e+04    -  1.67e-05 1.50e-05h  1
  33r 4.0085817e-01 6.39e-01 1.00e+03   2.3 0.00e+00    -  0.00e+00 3.53e-07R  4
  34r 4.3695528e-01 2.01e-01 5.88e+02   1.1 4.07e+00    -  4.69e-01 2.90e-01f  1
  35  4.3696963e-01 2.01e-01 9.82e+00  -6.4 9.93e+02    -  8.58e-04 7.88e-05h  1
  36  4.3717102e-01 2.01e-01 1.20e+01  -6.4 3.39e+03    -  2.55e-04 8.40e-04h  1
  37  4.3726359e-01 2.01e-01 1.38e+01  -6.4 3.05e+03    -  7.74e-04 3.04e-04h  1
  38  4.3739844e-01 2.01e-01 4.85e+01  -0.0 2.59e+03    -  8.17e-04 1.77e-04h  1
  39  4.3790981e-01 2.01e-01 5.28e+02   0.5 2.37e+03    -  2.98e-03 2.80e-04h  1
iter    objective    inf_pr   inf_du lg(mu)  ||d||  lg(rg) alpha_du alpha_pr  ls
  40  4.3897613e-01 2.01e-01 9.54e+02   0.8 2.29e+03    -  1.21e-03 1.82e-04h  1
  41  4.3938103e-01 2.01e-01 2.63e+03   1.4 2.25e+03    -  4.74e-04 5.74e-05h  1
  42  4.4024220e-01 2.01e-01 5.52e+03   1.0 5.54e+03    -  1.24e-03 5.29e-04h  1
  43  4.4022539e-01 2.01e-01 3.39e+03   1.7 1.35e+04    -  5.17e-05 1.42e-04h  1
  44  4.4022637e-01 2.01e-01 3.54e+03  -6.3 1.60e+04    -  7.95e-05 7.43e-05h  1
  45  4.4022662e-01 2.01e-01 3.26e+03  -6.3 3.15e+04    -  1.49e-05 2.18e-05h  1
  46  4.4022684e-01 2.01e-01 3.31e+03   0.3 3.07e+04    -  2.99e-05 2.89e-05h  1
  47  4.4022718e-01 2.01e-01 3.62e+03  -0.8 2.31e+04    -  4.50e-05 3.90e-05h  1
  48  4.4022461e-01 2.01e-01 9.59e+03   1.7 4.60e+04    -  1.41e-04 6.33e-05h  1
  49  4.4022490e-01 2.01e-01 9.43e+03  -6.3 3.86e+04    -  1.10e-05 1.21e-05h  1
iter    objective    inf_pr   inf_du lg(mu)  ||d||  lg(rg) alpha_du alpha_pr  ls
  50  4.4022458e-01 2.01e-01 3.05e+04   1.7 5.46e+04    -  1.81e-04 6.28e-05h  1
  51r 4.4022458e-01 2.01e-01 1.00e+03  -0.6 0.00e+00    -  0.00e+00 2.87e-07R  5
  52r 4.4244015e-01 2.22e-01 9.97e+02   1.2 5.81e+01    -  1.09e-02 2.87e-03f  1
  53r 4.4240879e-01 3.43e-01 9.87e+02   0.6 2.04e+01    -  4.83e-02 9.49e-03f  1
  54r 4.3863311e-01 3.65e-01 9.58e+02  -1.8 2.61e+01    -  3.85e-02 2.89e-02f  1
  55r 4.2495866e-01 3.65e-01 9.18e+02  -1.0 4.63e+01    -  5.46e-02 4.23e-02f  1
  56r 4.2290327e-01 3.65e-01 8.80e+02   0.4 3.38e+01    -  1.05e-01 4.01e-02f  1
  57r 4.1745202e-01 3.64e-01 7.84e+02  -0.2 2.89e+01    -  9.94e-02 1.09e-01f  1
  58r 4.1598263e-01 3.65e-01 7.23e+02   0.2 2.89e+01    -  1.96e-01 7.74e-02f  1
  59r 4.1437571e-01 3.64e-01 6.44e+02  -0.1 1.78e+01    -  2.79e-01 1.10e-01f  1
iter    objective    inf_pr   inf_du lg(mu)  ||d||  lg(rg) alpha_du alpha_pr  ls
  60r 4.1170707e-01 3.62e-01 5.01e+02  -0.7 5.25e-01    -  4.40e-01 2.23e-01f  1
  61r 4.1077835e-01 3.61e-01 4.20e+02  -1.9 3.62e-01    -  1.89e-01 1.62e-01f  1
  62r 4.1243432e-01 3.63e-01 3.83e+02   0.4 6.97e+01    -  6.52e-02 8.85e-02f  1
  63r 4.1216163e-01 3.64e-01 3.34e+02  -0.3 2.99e+01    -  2.12e-01 1.28e-01f  1
  64r 4.1119643e-01 3.62e-01 2.38e+02  -0.3 3.31e-01    -  2.61e-01 4.70e-01f  1
  65r 4.1162203e-01 3.66e-01 2.54e+02   0.1 2.78e+01    -  1.55e-01 2.25e-01f  1
  66r 4.1126497e-01 3.70e-01 1.76e+02  -0.2 1.22e+01    -  3.35e-01 3.06e-01f  1
  67r 4.1056690e-01 3.78e-01 1.02e+02  -0.3 1.08e+01    -  4.18e-01 4.49e-01f  1
  68r 4.1025516e-01 3.85e-01 1.07e+02  -0.4 4.24e+00    -  4.75e-01 3.03e-01f  1
  69r 4.0935922e-01 4.19e-01 4.13e+01  -0.5 3.54e+00    -  5.40e-01 6.86e-01f  1
iter    objective    inf_pr   inf_du lg(mu)  ||d||  lg(rg) alpha_du alpha_pr  ls
  70r 4.0896991e-01 7.06e-01 3.13e+01  -0.4 6.64e-01    -  4.06e-01 4.42e-01f  1
  71r 4.0777803e-01 5.69e-01 7.78e+01  -0.5 3.02e-01    -  6.26e-01 1.00e+00f  1
  72r 4.0860600e-01 3.62e-01 8.36e+01  -0.3 2.57e+00    -  5.38e-01 3.87e-01f  1
  73r 4.0808246e-01 4.23e-01 4.92e+01  -0.5 5.68e-01    -  6.11e-01 8.43e-01f  1
  74r 4.0779000e-01 4.02e-01 8.63e-02  -0.5 4.12e-01    -  1.00e+00 1.00e+00f  1
  75r 4.0610828e-01 4.00e-01 1.66e+01  -0.8 4.81e-01    -  9.26e-01 9.96e-01f  1
  76r 4.0525617e-01 4.51e-01 4.08e+01  -0.9 8.35e-01    -  1.00e+00 7.68e-01f  1
  77r 4.0305733e-01 4.68e-01 4.14e+01  -1.2 2.93e-01    -  1.00e+00 6.63e-01f  1
  78r 4.0041718e-01 4.57e-01 1.61e-01  -1.1 1.26e+00    -  1.00e+00 1.00e+00f  1
  79r 4.0009274e-01 4.80e-01 1.74e+01  -1.7 1.07e-01   0.0 6.64e-01 5.72e-01f  1
iter    objective    inf_pr   inf_du lg(mu)  ||d||  lg(rg) alpha_du alpha_pr  ls
  80r 4.0104352e-01 4.50e-01 1.07e+02  -1.1 2.29e-01    -  4.78e-01 1.00e+00f  1
  81r 4.0090909e-01 4.92e-01 3.86e-01  -1.2 5.34e-02   0.4 1.00e+00 1.00e+00f  1
  82r 3.9994477e-01 4.43e-01 5.62e+01  -1.6 1.01e-01  -0.1 9.09e-01 5.74e-01f  1
  83r 3.9999087e-01 4.53e-01 1.45e+02  -2.0 1.10e-01   0.4 1.00e+00 4.64e-01f  1
  84r 3.9999844e-01 4.57e-01 1.02e+02  -1.6 4.19e-01  -0.1 2.98e-01 2.87e-01f  1
  85r 3.9999794e-01 4.37e-01 1.03e+02  -7.6 9.02e+01    -  2.34e-03 4.17e-03f  1
  86r 4.0006007e-01 6.70e-01 1.57e+02  -1.2 1.19e+00   0.3 7.51e-01 4.32e-01f  1
  87r 4.0028255e-01 8.39e-01 9.60e+01  -1.4 7.05e-01    -  3.21e-01 2.40e-01f  1
  88r 3.9993594e-01 7.72e-01 1.34e+01  -1.4 1.08e-01    -  1.00e+00 8.72e-01f  1
  89r 4.0006219e-01 8.05e-01 6.44e-01  -1.6 8.56e-02    -  1.00e+00 1.00e+00f  1
iter    objective    inf_pr   inf_du lg(mu)  ||d||  lg(rg) alpha_du alpha_pr  ls
  90r 4.0003832e-01 8.03e-01 3.89e+00  -1.6 2.70e-01    -  6.24e-01 5.59e-01f  1
  91r 4.0000282e-01 8.03e-01 5.68e+00  -1.7 1.09e-01    -  1.00e+00 9.04e-01f  1
  92r 4.0000520e-01 7.99e-01 4.88e+00  -1.7 1.57e-01    -  1.00e+00 7.39e-01f  1
  93r 3.9999689e-01 7.89e-01 1.16e+01  -1.8 8.28e-02    -  9.98e-01 8.01e-01f  1
  94r 3.9999633e-01 7.77e-01 1.65e+01  -1.8 2.43e-01    -  1.00e+00 6.03e-01f  1
  95r 3.9999142e-01 7.58e-01 5.81e-01  -1.9 8.62e-02    -  1.00e+00 9.88e-01f  1
  96r 3.9999148e-01 7.41e-01 1.59e+01  -1.9 2.18e-01    -  1.00e+00 6.15e-01f  1
  97r 3.9998988e-01 7.17e-01 6.60e+00  -1.9 1.04e-01    -  1.00e+00 8.48e-01f  1
  98r 3.9998971e-01 6.94e-01 2.02e+01  -2.0 2.45e-01    -  1.00e+00 5.25e-01f  1
  99r 3.9998900e-01 6.62e-01 1.20e+01  -2.0 1.27e-01    -  1.00e+00 7.24e-01f  1
iter    objective    inf_pr   inf_du lg(mu)  ||d||  lg(rg) alpha_du alpha_pr  ls
 100r 3.9998899e-01 6.36e-01 1.77e+01  -2.0 2.36e-01    -  1.00e+00 5.25e-01f  1
 101r 3.9998851e-01 5.84e-01 4.78e+00  -2.1 1.05e-01    -  1.00e+00 8.90e-01f  1
 102r 3.9998869e-01 5.25e-01 1.52e+01  -2.1 2.32e-01    -  1.00e+00 5.57e-01f  1
 103r 3.9998858e-01 5.11e-01 1.77e+01  -2.2 1.05e-01  -0.2 1.00e+00 6.99e-01f  1
 104r 3.9998894e-01 4.71e-01 3.23e+01  -2.3 2.90e-01  -0.6 1.00e+00 4.04e-01f  1
 105r 3.9998923e-01 4.45e-01 2.53e+01  -2.3 1.30e-01  -0.2 1.00e+00 4.77e-01f  1
 106r 3.9998998e-01 4.29e-01 5.06e+01  -2.5 1.23e-01   0.2 1.00e+00 5.33e-01f  1
 107r 3.9999118e-01 4.21e-01 1.03e+02  -2.9 8.40e-02   0.6 1.00e+00 4.10e-01f  1
 108r 3.9999173e-01 3.89e-01 5.38e+01  -2.6 2.11e-01   0.2 1.00e+00 2.45e-01f  1
 109r 3.9999268e-01 3.77e-01 5.99e+01  -2.8 8.68e-02   0.6 1.00e+00 4.06e-01f  1
iter    objective    inf_pr   inf_du lg(mu)  ||d||  lg(rg) alpha_du alpha_pr  ls
 110r 3.9999305e-01 3.62e-01 4.95e+01  -2.7 2.13e-01   0.1 1.00e+00 2.14e-01f  1
 111r 3.9999219e-01 3.64e-01 4.00e+01  -2.3 1.19e+00    -  1.75e-01 1.48e-01f  1
 112r 3.9999251e-01 3.64e-01 2.87e+01  -2.7 9.93e-02   0.5 1.00e+00 2.32e-01f  1
 113r 3.9999154e-01 3.66e-01 1.31e+02  -2.4 2.27e-01    -  1.00e+00 2.88e-01f  1
 114r 3.9999163e-01 3.71e-01 7.08e+01  -2.5 3.79e-01    -  5.30e-01 3.13e-01f  1
 115r 3.9999167e-01 3.74e-01 3.61e+01  -2.5 3.40e-01    -  6.45e-01 3.23e-01f  1
 116r 3.9999174e-01 3.76e-01 1.78e+01  -2.5 3.66e-01    -  1.00e+00 2.76e-01f  1
 117r 3.9999185e-01 3.78e-01 7.08e+00  -2.5 1.64e-01    -  1.00e+00 5.66e-01f  1
 118r 3.9999207e-01 3.78e-01 9.35e+00  -2.5 2.14e-01    -  1.00e+00 5.13e-01f  1
 119r 3.9999232e-01 3.78e-01 5.74e+00  -2.5 1.12e-01    -  1.00e+00 6.96e-01f  1
iter    objective    inf_pr   inf_du lg(mu)  ||d||  lg(rg) alpha_du alpha_pr  ls
 120r 3.9999259e-01 3.77e-01 1.01e+01  -2.6 2.14e-01    -  1.00e+00 5.15e-01f  1
 121r 3.9999285e-01 3.77e-01 7.50e+00  -2.6 1.51e-01    -  1.00e+00 6.12e-01f  1
 122r 3.9999310e-01 3.76e-01 1.42e+01  -2.6 2.86e-01    -  1.00e+00 4.10e-01f  1
 123r 3.9999338e-01 3.75e-01 9.88e+00  -2.7 2.28e-01    -  1.00e+00 5.53e-01f  1
 124r 3.9999361e-01 3.74e-01 1.45e+01  -2.7 3.41e-01    -  1.00e+00 3.78e-01f  1
 125r 3.9999395e-01 3.73e-01 7.03e+00  -2.7 2.35e-01    -  1.00e+00 6.80e-01f  1
 126r 3.9999417e-01 3.73e-01 1.06e+01  -2.7 3.32e-01    -  1.00e+00 4.38e-01f  1
 127r 3.9999449e-01 3.71e-01 3.00e+00  -2.8 1.75e-01    -  1.00e+00 8.27e-01f  1
 128r 3.9999479e-01 3.71e-01 4.09e+00  -2.8 1.92e-01    -  1.00e+00 7.14e-01f  1
 129r 3.9999496e-01 3.70e-01 5.08e+00  -2.8 1.15e-01    -  1.00e+00 5.79e-01f  1
iter    objective    inf_pr   inf_du lg(mu)  ||d||  lg(rg) alpha_du alpha_pr  ls
 130r 3.9999516e-01 3.70e-01 5.51e+00  -2.8 2.92e-01    -  1.00e+00 5.75e-01f  1
 131r 3.9999541e-01 3.69e-01 5.28e-01  -2.9 1.33e-01    -  1.00e+00 9.55e-01f  1
 132r 3.9999566e-01 3.68e-01 6.63e+00  -2.9 2.17e-01    -  1.00e+00 5.43e-01f  1
 133r 3.9999585e-01 3.68e-01 4.46e+00  -2.9 2.60e-01    -  1.00e+00 6.13e-01f  1
 134r 3.9999612e-01 3.67e-01 4.82e-01  -2.9 2.09e-01    -  1.00e+00 9.55e-01f  1
 135r 3.9999623e-01 3.67e-01 4.21e+00  -3.0 1.62e-01    -  1.00e+00 5.17e-01f  1
 136r 3.9999649e-01 3.66e-01 9.56e+00  -3.0 3.82e-01    -  1.00e+00 4.60e-01f  1
 137r 3.9999673e-01 3.66e-01 1.91e+00  -3.0 1.92e-01    -  1.00e+00 8.05e-01f  1
 138r 3.9999691e-01 3.65e-01 2.17e-01  -3.1 9.70e-02    -  1.00e+00 9.58e-01f  1
 139r 3.9999692e-01 3.65e-01 4.58e-05  -3.1 5.93e-02    -  1.00e+00 1.00e+00f  1
iter    objective    inf_pr   inf_du lg(mu)  ||d||  lg(rg) alpha_du alpha_pr  ls
 140r 3.9999736e-01 3.64e-01 9.85e+00  -9.1 1.02e-01   0.1 3.50e-02 1.34e-01f  1
 141r 3.9999731e-01 3.64e-01 7.19e+00  -3.1 4.17e-01    -  2.43e-01 2.53e-01f  1
 142r 3.9999726e-01 3.64e-01 8.26e+00  -2.8 9.65e-01    -  6.86e-02 2.13e-02f  1
 143r 3.9999739e-01 3.64e-01 3.64e+00  -3.2 1.57e-02   0.5 5.51e-01 2.09e-01f  1
 144r 3.9999737e-01 3.64e-01 2.65e+00  -3.1 2.06e-01    -  4.44e-01 6.23e-01f  1
 145r 3.9999736e-01 3.64e-01 7.91e+00  -2.9 1.14e-01   0.0 1.59e-01 4.65e-03f  1
 146r 3.9999740e-01 3.64e-01 6.42e+00  -3.2 1.13e-01    -  7.83e-02 5.01e-02f  1
 147r 3.9999774e-01 3.63e-01 5.85e+00  -3.4 7.34e-02   0.4 1.62e-01 1.89e-01f  1
 148r 3.9999779e-01 3.63e-01 5.62e+00  -3.2 4.53e-02  -0.0 9.25e-02 1.07e-01f  1
 149r 3.9999781e-01 3.63e-01 4.39e+00  -3.2 1.16e-01    -  1.70e-01 7.03e-02f  1
iter    objective    inf_pr   inf_du lg(mu)  ||d||  lg(rg) alpha_du alpha_pr  ls
 150r 3.9999774e-01 3.63e-01 9.52e+01  -2.9 3.89e-02   0.4 8.10e-01 3.76e-02f  1
 151r 3.9999775e-01 3.63e-01 7.90e+01  -3.2 6.09e-02  -0.1 2.60e-01 1.63e-02f  1
 152r 3.9999744e-01 3.64e-01 4.79e+01  -3.1 2.92e-02    -  2.82e-01 1.00e+00f  1
 153r 3.9999786e-01 3.63e-01 9.20e+00  -3.2 3.15e-02   0.3 1.00e+00 5.45e-01f  1
 154r 3.9999787e-01 3.63e-01 1.05e+01  -3.3 1.42e-01  -0.1 3.49e-02 1.20e-02f  1
 155r 3.9999793e-01 3.63e-01 9.36e+00  -3.3 2.07e-01    -  1.27e-01 1.61e-01f  1
 156r 3.9999817e-01 3.63e-01 4.95e+00  -3.3 5.21e-02   0.3 2.84e-01 3.41e-01f  1
 157r 3.9999817e-01 3.63e-01 4.96e+00  -3.3 2.00e-01    -  1.03e-01 6.40e-03f  1
 158r 3.9999821e-01 3.63e-01 6.05e+00  -3.3 1.55e-01    -  3.28e-02 2.50e-01f  1
 159r 3.9999847e-01 3.62e-01 1.92e+00  -3.3 1.58e-02   0.7 6.80e-01 9.37e-01f  1
iter    objective    inf_pr   inf_du lg(mu)  ||d||  lg(rg) alpha_du alpha_pr  ls
 160r 3.9999844e-01 3.62e-01 1.58e+00  -3.3 9.39e-02    -  1.64e-01 1.70e-01f  1
 161r 3.9999778e-01 3.63e-01 2.33e+00  -3.0 5.77e-02   0.2 5.98e-01 6.21e-01f  1
 162r 3.9999782e-01 3.63e-01 2.08e+00  -3.2 3.49e-01    -  6.54e-02 6.88e-02f  1
 163r 3.9999813e-01 3.63e-01 2.64e+00  -3.2 1.44e-02   0.7 7.70e-01 7.10e-01f  1
 164r 3.9999770e-01 3.63e-01 3.89e+00  -2.9 5.49e-02   0.2 2.86e-01 3.06e-01f  1
 165r 3.9999776e-01 3.63e-01 6.11e+00  -3.2 3.04e-01  -0.3 5.84e-03 3.59e-02f  1
 166r 3.9999784e-01 3.63e-01 4.51e+00  -3.2 9.25e-02   0.1 1.42e-01 7.95e-02f  1
 167r 3.9999785e-01 3.63e-01 6.63e+00  -3.2 1.34e-01    -  3.27e-01 2.62e-01f  1
 168r 3.9999788e-01 3.63e-01 8.33e+00  -3.2 8.10e+00    -  3.44e-03 6.55e-03f  1
 169r 3.9999817e-01 3.63e-01 1.81e+00  -3.2 1.69e-02   0.6 6.45e-01 7.40e-01f  1
iter    objective    inf_pr   inf_du lg(mu)  ||d||  lg(rg) alpha_du alpha_pr  ls
 170r 3.9999821e-01 3.63e-01 2.27e+00  -3.2 7.41e-02   0.1 9.34e-02 1.13e-01f  1
 171r 3.9999819e-01 3.63e-01 2.05e+00  -3.2 3.56e-01    -  1.96e-01 1.83e-01f  1
 172r 3.9999833e-01 3.62e-01 2.80e+00  -3.2 2.19e-02   0.5 5.84e-01 7.13e-01f  1
 173r 3.9999835e-01 3.62e-01 3.00e+00  -3.2 7.43e-02   0.0 8.40e-02 1.03e-01f  1
 174r 3.9999832e-01 3.62e-01 2.95e+00  -3.2 3.15e-01    -  2.13e-01 1.83e-01f  1
 175r 3.9999825e-01 3.63e-01 1.20e+02  -2.9 4.20e-02   0.5 1.00e+00 5.64e-02f  1
 176r 3.9999826e-01 3.63e-01 1.00e+02  -3.2 3.54e-01    -  1.76e-01 2.18e-02f  1
 177r 3.9999839e-01 3.62e-01 9.15e+01  -3.2 5.18e-01  -0.0 3.00e-02 5.59e-02f  1
 178r 3.9999840e-01 3.62e-01 8.93e+01  -3.2 9.93e-01    -  3.56e-02 7.40e-03f  1
 179r 3.9999838e-01 3.62e-01 6.81e+01  -3.2 4.20e-01    -  2.26e-01 1.40e-01f  1
iter    objective    inf_pr   inf_du lg(mu)  ||d||  lg(rg) alpha_du alpha_pr  ls
 180r 3.9999848e-01 3.62e-01 5.71e+01  -3.2 9.62e+00  -0.5 1.97e-04 4.75e-03f  1
 181r 3.9999843e-01 3.62e-01 4.11e+01  -3.2 2.96e-01    -  2.96e-01 3.44e-01f  1
 182r 3.9999847e-01 3.62e-01 3.76e+01  -3.2 1.27e-01  -0.1 1.99e-01 8.51e-02f  1
 183r 3.9999856e-01 3.62e-01 2.21e+01  -3.2 3.15e-02   0.4 3.62e-01 7.58e-01f  1
 184r 3.9999851e-01 3.62e-01 1.54e+01  -3.2 1.72e-01    -  3.03e-01 3.07e-01f  1
 185r 3.9999855e-01 3.62e-01 1.92e+01  -3.2 1.66e-01  -0.1 2.08e-01 8.06e-02f  1
 186r 3.9999861e-01 3.62e-01 1.52e+01  -3.3 1.23e+00  -0.6 6.74e-03 2.30e-02f  1
 187r 3.9999862e-01 3.62e-01 1.18e+01  -3.3 9.25e-01    -  1.29e-01 5.22e-02f  1
 188r 3.9999864e-01 3.62e-01 9.41e+00  -3.3 5.50e-01    -  1.66e-01 1.48e-01f  1
 189r 3.9999869e-01 3.62e-01 1.25e+01  -3.3 2.56e-01  -0.2 1.31e-01 6.00e-02f  1
iter    objective    inf_pr   inf_du lg(mu)  ||d||  lg(rg) alpha_du alpha_pr  ls
 190r 3.9999873e-01 3.62e-01 9.90e+00  -3.3 9.83e-01  -0.6 1.02e-02 3.03e-02f  1
 191r 3.9999874e-01 3.62e-01 7.51e+00  -3.3 4.81e-01    -  1.42e-01 8.36e-02f  1
 192r 3.9999875e-01 3.62e-01 5.14e+00  -3.3 1.68e+00    -  2.35e-01 5.68e-02f  1
 193r 3.9999883e-01 3.62e-01 3.90e+00  -3.3 2.65e-01  -0.2 5.04e-02 9.77e-02f  1
 194r 3.9999884e-01 3.62e-01 4.84e+00  -3.3 2.20e+00    -  1.01e-02 1.78e-02f  1
 195r 3.9999885e-01 3.62e-01 5.41e+00  -3.3 5.93e-01    -  2.02e-01 1.04e-01f  1
 196r 3.9999885e-01 3.62e-01 6.08e+00  -3.3 7.25e-01    -  2.85e-01 1.00e-01f  1
 197r 3.9999891e-01 3.62e-01 5.91e+00  -3.3 1.26e-01   0.2 6.15e-01 2.88e-01f  1
 198r 3.9999893e-01 3.62e-01 5.00e+00  -3.3 1.12e+00    -  7.86e-02 8.85e-02f  1
 199r 3.9999894e-01 3.74e-01 4.09e+00  -3.3 4.69e-01    -  5.41e-02 7.30e-02f  1
iter    objective    inf_pr   inf_du lg(mu)  ||d||  lg(rg) alpha_du alpha_pr  ls
 200r 3.9999892e-01 3.84e-01 3.95e+00  -3.3 9.78e-02    -  6.20e-01 8.75e-01f  1
 201r 3.9999903e-01 3.86e-01 6.69e+00  -3.3 5.69e-02  -0.3 2.90e-01 6.24e-01f  1
 202r 3.9999903e-01 3.89e-01 5.44e+00  -3.3 3.95e-01    -  6.05e-02 3.80e-02h  1
 203r 3.9999902e-01 3.90e-01 4.13e+00  -3.3 1.40e-01    -  2.53e-01 2.42e-01f  1
 204r 3.9999912e-01 4.09e-01 7.42e+00  -3.4 1.04e-01    -  6.53e-01 4.63e-01f  1
 205r 3.9999911e-01 4.08e-01 2.36e+01  -3.1 1.57e-01    -  3.21e-01 8.76e-03f  1
 206r 3.9999913e-01 4.08e-01 8.23e+00  -3.4 9.97e-03    -  5.88e-01 1.96e-01f  1
 207r 3.9999913e-01 4.10e-01 9.09e+00  -2.9 1.44e+00  -0.8 3.37e-02 4.12e-02f  1
 208r 3.9999919e-01 4.14e-01 9.30e+00  -3.4 6.22e-01    -  1.37e-01 2.26e-01f  1
 209r 3.9999917e-01 4.15e-01 6.17e+00  -3.3 1.04e-01    -  4.23e-01 2.86e-01f  1
iter    objective    inf_pr   inf_du lg(mu)  ||d||  lg(rg) alpha_du alpha_pr  ls
 210r 3.9999918e-01 4.16e-01 6.37e+00  -3.4 1.61e+01    -  1.97e-03 2.31e-03f  1
 211r 3.9999928e-01 4.36e-01 1.06e-03  -3.4 1.42e-01    -  1.00e+00 1.00e+00f  1
 212r 3.9999946e-01 4.39e-01 2.98e+01  -9.4 5.32e-01    -  2.18e-02 2.44e-01f  1
 213r 3.9999949e-01 4.25e-01 2.46e+01  -3.5 7.50e-01  -1.2 9.51e-02 1.83e-01f  1
 214r 3.9999950e-01 4.23e-01 1.08e+01  -3.6 1.79e-01  -0.8 3.55e-01 7.61e-02f  1
 215r 3.9999950e-01 4.21e-01 8.81e+00  -3.6 9.21e-01    -  3.09e-01 4.13e-02f  1
 216r 3.9999955e-01 4.01e-01 4.76e+00  -3.6 9.93e-02    -  1.00e+00 8.27e-01f  1
 217r 3.9999962e-01 3.89e-01 1.09e-03  -3.6 3.72e-02    -  1.00e+00 1.00e+00f  1
 218r 3.9999962e-01 3.81e-01 2.35e+00  -3.6 6.95e-02    -  3.25e-01 1.00e+00H  1
 219r 3.9999963e-01 3.73e-01 1.59e+00  -3.6 2.45e-01  -1.3 2.77e-01 2.70e-01f  2
iter    objective    inf_pr   inf_du lg(mu)  ||d||  lg(rg) alpha_du alpha_pr  ls
 220r 3.9999966e-01 3.62e-01 1.06e-01  -3.6 6.59e-02  -0.9 1.00e+00 9.84e-01f  1
 221r 3.9999968e-01 3.61e-01 4.97e+01  -3.9 7.37e-02    -  1.00e+00 1.76e-01f  1
 222r 3.9999976e-01 3.61e-01 2.87e+01  -3.9 1.55e-01    -  1.00e+00 5.97e-01f  1
 223r 3.9999983e-01 3.61e-01 4.04e-01  -3.9 7.04e-02    -  1.00e+00 9.92e-01f  1
 224r 3.9999985e-01 3.61e-01 1.06e-03  -4.0 2.91e-02    -  1.00e+00 1.00e+00f  1
 225r 3.9999987e-01 3.61e-01 6.29e+00  -4.1 4.11e-02    -  9.94e-01 7.88e-01f  1
 226r 3.9999989e-01 3.75e-01 1.09e+01  -4.2 3.30e-02    -  1.00e+00 6.85e-01f  1
 227r 3.9999991e-01 3.91e-01 2.47e+01  -4.3 3.77e-02    -  1.00e+00 4.28e-01f  1
 228r 3.9999991e-01 3.96e-01 1.24e+01  -4.3 8.50e-03    -  1.00e+00 5.73e-01f  1
 229r 3.9999993e-01 3.88e-01 4.52e-04  -4.3 9.66e-03  -1.3 1.00e+00 1.00e+00f  1
iter    objective    inf_pr   inf_du lg(mu)  ||d||  lg(rg) alpha_du alpha_pr  ls
 230r 3.9999994e-01 3.98e-01 2.49e+01  -4.4 2.44e-02    -  9.84e-01 4.32e-01f  1
 231r 3.9999994e-01 4.12e-01 5.78e+01  -4.6 5.21e-02    -  1.00e+00 2.60e-01f  1
 232r 3.9999996e-01 4.29e-01 8.00e+01  -4.8 5.53e-02    -  1.00e+00 3.08e-01f  1
 233r 3.9999997e-01 4.45e-01 1.01e+02  -5.0 5.46e-02    -  1.00e+00 2.99e-01f  1
 234r 3.9999999e-01 4.49e-01 5.90e-04  -4.8 4.23e-03  -0.9 1.00e+00 1.00e+00f  1
 235r 3.9999999e-01 4.73e-01 2.56e+00  -4.9 2.54e-02    -  1.00e+00 9.12e-01f  1
 236r 4.0000000e-01 4.77e-01 2.98e-01  -5.2 4.14e-03    -  1.00e+00 9.96e-01f  1
 237r 4.0000000e-01 4.77e-01 3.37e-06  -5.2 2.61e-04    -  1.00e+00 1.00e+00f  1
 238r 4.0000000e-01 4.88e-01 3.03e+01 -10.3 7.67e-02    -  1.77e-02 1.46e-01f  1
 239r 4.0000000e-01 4.87e-01 1.76e-03  -5.5 2.18e-03    -  1.00e+00 1.00e+00f  1
iter    objective    inf_pr   inf_du lg(mu)  ||d||  lg(rg) alpha_du alpha_pr  ls
 240r 4.0000001e-01 4.87e-01 2.21e+02  -6.1 1.82e-03    -  1.00e+00 5.22e-02f  1
 241r 4.0000001e-01 4.92e-01 3.03e+01  -5.7 6.44e-03    -  1.00e+00 7.91e-01f  1
 242r 4.0000001e-01 4.92e-01 1.57e-08  -5.7 2.47e-05    -  1.00e+00 1.00e+00f  1
 243r 4.0000001e-01 4.93e-01 4.88e+01 -10.3 1.63e-03    -  9.96e-01 7.35e-01f  1
 244r 4.0000001e-01 4.92e-01 3.75e+01  -5.6 1.02e-03    -  8.58e-01 1.00e+00f  1
 245r 4.0000001e-01 4.91e-01 4.05e+01  -5.7 9.88e-02    -  5.47e-02 7.79e-03f  1
 246r 4.0000001e-01 4.95e-01 4.44e-06  -5.7 4.29e-03    -  1.00e+00 1.00e+00f  1
 247r 4.0000001e-01 4.95e-01 1.29e+01  -8.6 9.45e-04    -  8.10e-01 7.42e-01f  1
 248r 4.0000001e-01 4.97e-01 5.64e+00  -8.6 4.08e-03    -  4.15e-01 4.63e-01f  1
 249r 4.0000001e-01 4.97e-01 2.08e+01  -8.6 3.85e-05    -  4.54e-01 5.85e-01f  1
iter    objective    inf_pr   inf_du lg(mu)  ||d||  lg(rg) alpha_du alpha_pr  ls
 250r 4.0000001e-01 4.97e-01 6.30e+01  -8.6 4.02e-04   0.4 9.83e-01 4.42e-01f  1
 251r 4.0000001e-01 4.97e-01 2.35e+01  -8.6 1.63e-03  -0.1 1.10e-01 5.25e-01f  1
 252r 4.0000001e-01 4.97e-01 7.28e+01  -8.6 6.55e-04   0.4 1.00e+00 3.00e-01f  1
 253r 4.0000001e-01 4.97e-01 2.65e+01  -8.6 3.39e-03  -0.1 3.50e-01 4.55e-01f  1
 254r 4.0000001e-01 4.97e-01 1.34e+02  -8.6 1.14e-03   0.3 1.00e+00 4.15e-01h  1
 255r 4.0000001e-01 4.97e-01 1.82e+02  -8.6 6.60e-03  -0.2 2.95e-01 2.16e-02h  1
 256r 4.0000001e-01 4.97e-01 3.32e+02  -8.6 1.45e-04  -0.6 1.00e+00 2.52e-02h  1
 257r 4.0000001e-01 4.97e-01 4.53e+01  -8.6 3.65e-06    -  1.00e+00 8.86e-01f  1
 258r 4.0000001e-01 4.97e-01 6.09e-08  -8.6 1.73e-07    -  1.00e+00 1.00e+00h  1
 259r 4.0000001e-01 4.97e-01 1.46e+02 -10.3 3.08e-06    -  1.00e+00 6.00e-01f  1
iter    objective    inf_pr   inf_du lg(mu)  ||d||  lg(rg) alpha_du alpha_pr  ls
 260r 4.0000001e-01 4.97e-01 7.88e-01 -10.1 1.26e-06    -  1.00e+00 9.97e-01f  1
 261r 4.0000001e-01 4.97e-01 7.68e-07 -10.2 3.58e-08    -  1.00e+00 1.00e+00h  1

Number of Iterations....: 261

                                   (scaled)                 (unscaled)
Objective...............:   4.0000000999990337e-01    4.0000000999990337e-01
Dual infeasibility......:   1.0000003098527432e+00    1.0000003098527432e+00
Constraint violation....:   4.9749110357428061e-01    4.9749110357428061e-01
Complementarity.........:   5.9337312546371844e-11    5.9337312546371844e-11
Overall NLP error.......:   1.0000003098527432e+00    1.0000003098527432e+00


Number of objective function evaluations             = 278
Number of objective gradient evaluations             = 50
Number of equality constraint evaluations            = 278
Number of inequality constraint evaluations          = 278
Number of equality constraint Jacobian evaluations   = 266
Number of inequality constraint Jacobian evaluations = 266
Number of Lagrangian Hessian evaluations             = 262
Total CPU secs in IPOPT (w/o function evaluations)   =    113.772
Total CPU secs in NLP function evaluations           =     30.635

EXIT: Converged to a point of local infeasibility. Problem may be infeasible.
