
******************************************************************************
This program contains Ipopt, a library for large-scale nonlinear optimization.
 Ipopt is released as open source code under the Eclipse Public License (EPL).
         For more information visit http://projects.coin-or.org/Ipopt
******************************************************************************

This is Ipopt version 3.12.12, running with linear solver mumps.
NOTE: Other linear solvers might be more efficient (see Ipopt documentation).

Number of nonzeros in equality constraint Jacobian...:     1803
Number of nonzeros in inequality constraint Jacobian.:        0
Number of nonzeros in Lagrangian Hessian.............:      400

Total number of variables............................:      703
                     variables with only lower bounds:      101
                variables with lower and upper bounds:        0
                     variables with only upper bounds:        0
Total number of equality constraints.................:      604
Total number of inequality constraints...............:      100
        inequality constraints with only lower bounds:        0
   inequality constraints with lower and upper bounds:        0
        inequality constraints with only upper bounds:      100

iter    objective    inf_pr   inf_du lg(mu)  ||d||  lg(rg) alpha_du alpha_pr  ls
   0 1.6304166e-322 4.06e-01 1.00e+00   0.0 0.00e+00    -  0.00e+00 0.00e+00   0
   1 4.0365163e-321 4.10e-01 9.98e-01  -8.0 5.42e+01    -  9.90e-01 1.93e-03h 10
   2 2.4209217e-322 1.14e+05 1.88e+00  -2.0 3.09e+04    -  9.90e-01 1.55e-02f  7
   3  0.0000000e+00 1.60e+05 2.80e-03  -2.1 7.53e+03    -  9.78e-01 9.92e-01f  1
   4 2.4209217e-322 3.84e+04 3.42e-01  -2.1 2.76e+02  -4.0 1.00e+00 9.97e-01h  1
   5 1.2697487e-321 8.03e+03 3.38e-02  -2.1 1.27e+02  -3.6 1.00e+00 1.00e+00h  1
   6 1.6304166e-322 1.04e+03 1.09e-02  -2.1 4.56e+01  -4.1 1.00e+00 1.00e+00h  1
   7 1.6304166e-322 1.10e+02 1.87e-03  -2.1 1.48e+01  -4.5 1.00e+00 1.00e+00h  1
   8 1.6304166e-322 2.46e+01 6.25e-04  -2.1 7.01e+00  -4.1 1.00e+00 1.00e+00h  1
   9  9.1595167e-01 3.94e+00 5.92e-04  -4.0 2.81e+00  -3.7 1.00e+00 1.00e+00h  1
iter    objective    inf_pr   inf_du lg(mu)  ||d||  lg(rg) alpha_du alpha_pr  ls
  10 5.5829418e-322 1.86e-01 1.35e-04  -5.9 6.10e-01  -4.2 1.00e+00 1.00e+00h  1
  11 1.6304166e-322 5.28e-04 4.89e-02  -8.0 3.25e-02  -4.6 9.98e-01 1.00e+00h  1
  12 1.4278497e-321 1.00e-08 8.14e-10  -9.9 9.77e-05  -5.1 1.00e+00 1.00e+00h  1
  13 1.6304166e-322 1.00e-08 1.05e-13 -11.0 4.02e-08  -5.6 1.00e+00 1.00e+00h  1
  14 1.6304166e-322 1.00e-08 1.05e-13 -11.0 1.21e-07  -6.1 1.00e+00 1.00e+00s 22
  15 1.6304166e-322 1.00e-08 1.05e-13 -11.0 3.62e-07  -6.5 1.00e+00 1.00e+00h  1
  16 1.6304166e-322 1.00e-08 1.05e-13 -11.0 1.09e-06  -7.0 1.00e+00 1.00e+00h  1
  17 1.6304166e-322 1.00e-08 1.05e-13 -11.0 3.26e-06  -7.5 1.00e+00 1.00e+00h  1
  18 1.6304166e-322 1.00e-08 1.05e-13 -11.0 9.78e-06  -8.0 1.00e+00 1.00e+00h  1
  19 1.6304166e-322 1.00e-08 1.05e-13 -11.0 2.93e-05  -8.4 1.00e+00 1.00e+00h  1
iter    objective    inf_pr   inf_du lg(mu)  ||d||  lg(rg) alpha_du alpha_pr  ls
  20 4.0019317e-322 1.00e-08 1.05e-13 -11.0 8.80e-05  -8.9 1.00e+00 1.00e+00h  1
  21 2.4209217e-322 1.00e-08 1.05e-13 -11.0 2.64e-04  -9.4 1.00e+00 1.00e+00h  1
  22 1.6304166e-322 2.94e-08 4.55e-13 -11.0 7.92e-04  -9.9 1.00e+00 1.00e+00h  1
  23 1.6304166e-322 2.65e-07 1.05e-13 -11.0 2.38e-03 -10.4 1.00e+00 1.00e+00h  1
  24 4.0019317e-322 2.38e-06 1.05e-13 -11.0 7.13e-03 -10.8 1.00e+00 1.00e+00h  1
  25 5.5829418e-322 2.14e-05 4.55e-13 -11.0 2.14e-02 -11.3 1.00e+00 1.00e+00h  1
  26 4.6855065e-310 1.92e-04 1.05e-13 -11.0 6.41e-02 -11.8 1.00e+00 1.00e+00h  1
  27 5.5829418e-322 1.72e-03 1.04e-13 -11.0 1.92e-01 -12.3 1.00e+00 1.00e+00h  1
  28 1.6304166e-322 1.53e-02 1.04e-13 -11.0 5.74e-01 -12.7 1.00e+00 1.00e+00h  1
  29 1.6304166e-322 2.37e-01 1.06e+03 -11.0 1.70e+00 -13.2 3.69e-01 1.00e+00H  1
iter    objective    inf_pr   inf_du lg(mu)  ||d||  lg(rg) alpha_du alpha_pr  ls
  30 1.6304166e-322 5.11e+00 1.57e+03 -11.0 5.29e+00 -13.7 5.76e-05 1.00e+00h  1
  31 4.0019317e-322 2.08e-01 1.22e-13 -11.0 2.03e+00 -13.3 1.00e+00 1.00e+00h  1
  32 6.3734468e-322 2.49e-02 4.15e-03 -11.0 5.38e+00 -13.7 7.05e-01 1.00e+00H  1
  33 1.6304166e-322 3.86e-03 9.52e-14 -11.0 2.00e+00 -13.3 1.00e+00 1.00e+00H  1
  34 2.4209217e-322 1.97e-03 9.31e-14 -11.0 5.86e+00 -13.8 1.00e+00 1.00e+00H  1
  35 1.6304166e-322 2.49e-03 2.13e-11 -11.0 2.95e+02 -14.3 1.00e+00 1.95e-03h 10
  36 1.6304166e-322 1.04e-03 9.10e-14 -11.0 6.44e+00 -13.8 1.00e+00 1.00e+00H  1
  37 1.6304166e-322 7.57e-05 9.03e-14 -11.0 2.39e+00 -13.4 1.00e+00 1.00e+00H  1
  38 1.6526496e-320 4.48e-04 8.82e-14 -11.0 7.02e+00 -13.9 1.00e+00 1.00e+00H  1
  39 1.6304166e-322 4.68e-05 8.75e-14 -11.0 2.61e+00 -13.5 1.00e+00 1.00e+00H  1
iter    objective    inf_pr   inf_du lg(mu)  ||d||  lg(rg) alpha_du alpha_pr  ls
  40 1.6304166e-322 2.43e-04 8.54e-14 -11.0 7.64e+00 -14.0 1.00e+00 1.00e+00H  1
  41 4.0019317e-322 3.26e-05 8.47e-14 -11.0 2.84e+00 -13.5 1.00e+00 1.00e+00H  1
  42 2.4209217e-322 1.51e-04 8.26e-14 -11.0 8.32e+00 -14.0 1.00e+00 1.00e+00H  1
  43 1.6304166e-322 2.45e-05 8.20e-14 -11.0 3.09e+00 -13.6 1.00e+00 1.00e+00H  1
  44 1.6304166e-322 3.54e-04 4.91e-10 -11.0 9.08e+00 -14.1 1.00e+00 1.00e+00H  1
  45 1.6304166e-322 1.96e-05 7.92e-14 -11.0 3.37e+00 -13.6 1.00e+00 1.00e+00H  1
  46 2.4209217e-322 3.39e-07 7.90e-14 -11.0 1.26e+00 -13.2 1.00e+00 1.00e+00H  1
  47 1.6304166e-322 2.46e-05 7.82e-14 -11.0 3.74e+00 -13.7 1.00e+00 1.00e+00H  1
  48 1.6304166e-322 4.20e-07 7.79e-14 -11.0 1.40e+00 -13.3 1.00e+00 1.00e+00H  1
  49 1.2697487e-321 3.05e-05 7.71e-14 -11.0 4.14e+00 -13.7 1.00e+00 1.00e+00H  1
iter    objective    inf_pr   inf_du lg(mu)  ||d||  lg(rg) alpha_du alpha_pr  ls
  50 1.6304166e-322 5.24e-07 7.68e-14 -11.0 1.55e+00 -13.3 1.00e+00 1.00e+00H  1
  51 1.6304166e-322 3.76e-05 7.59e-14 -11.0 4.59e+00 -13.8 1.00e+00 1.00e+00H  1
  52 2.4209217e-322 6.29e-07 7.56e-14 -11.0 1.71e+00 -13.4 1.00e+00 1.00e+00H  1
  53 7.1639519e-322 4.56e-05 7.47e-14 -11.0 5.08e+00 -13.8 1.00e+00 1.00e+00H  1
  54 1.2697487e-321 7.52e-07 7.43e-14 -11.0 1.90e+00 -13.4 1.00e+00 1.00e+00H  1
  55 1.8028455e-320 5.45e-05 7.34e-14 -11.0 5.61e+00 -13.9 1.00e+00 1.00e+00H  1
  56 1.6304166e-322 9.04e-07 7.30e-14 -11.0 2.09e+00 -13.5 1.00e+00 1.00e+00H  1
  57 1.6304166e-322 6.43e-05 7.20e-14 -11.0 6.19e+00 -13.9 1.00e+00 1.00e+00H  1
  58 1.6304166e-322 1.12e-06 7.16e-14 -11.0 2.31e+00 -13.5 1.00e+00 1.00e+00H  1
  59 1.6304166e-322 7.54e-05 7.05e-14 -11.0 6.83e+00 -14.0 1.00e+00 1.00e+00H  1
iter    objective    inf_pr   inf_du lg(mu)  ||d||  lg(rg) alpha_du alpha_pr  ls
  60 1.6304166e-322 1.22e-06 7.01e-14 -11.0 2.55e+00 -13.6 1.00e+00 1.00e+00H  1
  61 1.6304166e-322 2.54e-06 6.90e-14 -11.0 7.51e+00 -14.0 1.00e+00 1.00e+00H  1
  62 1.6304166e-322 1.39e-04 6.86e-14 -11.0 2.80e+00 -13.6 1.00e+00 1.00e+00H  1
  63 3.2114267e-322 7.02e-06 6.84e-14 -11.0 1.05e+00 -13.2 1.00e+00 1.00e+00H  1
  64 5.5829418e-322 2.05e-06 6.80e-14 -11.0 3.12e+00 -13.7 1.00e+00 1.00e+00H  1
  65 1.6304166e-322 9.27e-06 6.78e-14 -11.0 1.17e+00 -13.2 1.00e+00 1.00e+00H  1
  66 1.6304166e-322 2.95e-06 6.73e-14 -11.0 3.48e+00 -13.7 1.00e+00 1.00e+00H  1
  67 1.6304166e-322 1.18e-05 6.72e-14 -11.0 1.30e+00 -13.3 1.00e+00 1.00e+00H  1
  68 1.6304166e-322 3.95e-06 6.66e-14 -11.0 3.88e+00 -13.8 1.00e+00 1.00e+00H  1
  69 1.6304166e-322 3.27e-03 6.64e-14 -11.0 1.45e+00 -13.3 1.00e+00 1.00e+00h  1
iter    objective    inf_pr   inf_du lg(mu)  ||d||  lg(rg) alpha_du alpha_pr  ls
  70 1.6304166e-322 3.95e-04 6.59e-14 -11.0 4.31e+00 -13.8 1.00e+00 1.00e+00H  1
  71 5.5829418e-322 1.91e-05 6.57e-14 -11.0 1.61e+00 -13.4 1.00e+00 1.00e+00H  1
  72 2.4209217e-322 7.40e-06 6.50e-14 -11.0 4.79e+00 -13.9 1.00e+00 1.00e+00H  1
  73 1.6304166e-322 2.49e-05 6.48e-14 -11.0 1.79e+00 -13.4 1.00e+00 1.00e+00H  1
  74 1.6304166e-322 9.88e-06 6.42e-14 -11.0 5.31e+00 -13.9 1.00e+00 1.00e+00H  1
  75 1.2697487e-321 3.12e-05 6.39e-14 -11.0 1.99e+00 -13.5 1.00e+00 1.00e+00H  1
  76 1.6304166e-322 1.30e-05 6.32e-14 -11.0 5.89e+00 -14.0 1.00e+00 1.00e+00H  1
  77 1.6304166e-322 2.58e-07 6.30e-14 -11.0 2.20e+00 -13.5 1.00e+00 1.00e+00H  1
  78 1.2697487e-321 5.56e-02 6.22e-14 -11.0 6.52e+00 -14.0 1.00e+00 1.00e+00h  1
  79 1.6304166e-322 7.14e-03 6.19e-14 -11.0 2.43e+00 -13.6 1.00e+00 1.00e+00h  1
iter    objective    inf_pr   inf_du lg(mu)  ||d||  lg(rg) alpha_du alpha_pr  ls
  80 1.2697487e-321 1.02e-03 6.18e-14 -11.0 9.12e-01 -13.2 1.00e+00 1.00e+00h  1
  81 1.6304166e-322 6.44e-05 6.15e-14 -11.0 2.72e+00 -13.6 1.00e+00 1.00e+00H  1
  82 1.1116477e-321 1.08e-04 3.33e-11 -11.0 1.08e+04 -14.1 2.22e-01 3.05e-05h 16
  83 4.0019317e-322 6.87e-07 6.14e-14 -11.0 3.05e+00 -13.7 1.00e+00 1.00e+00H  1
  84 6.3734468e-322 4.37e-06 6.11e-14 -11.0 1.14e+00 -13.3 1.00e+00 1.00e+00H  1
  85 1.6304166e-322 9.88e-07 6.07e-14 -11.0 3.40e+00 -13.7 1.00e+00 1.00e+00H  1

Number of Iterations....: 85

                                   (scaled)                 (unscaled)
Objective...............:  1.6304166312761136e-322   1.6304166312761136e-322
Dual infeasibility......:   6.0712757222669991e-14    6.0712757222669991e-14
Constraint violation....:   9.8821593041975575e-07    9.8821593041975575e-07
Complementarity.........:   1.0000000000000001e-11    1.0000000000000001e-11
Overall NLP error.......:   9.8821593041975575e-07    9.8821593041975575e-07


Number of objective function evaluations             = 265
Number of objective gradient evaluations             = 87
Number of equality constraint evaluations            = 273
Number of inequality constraint evaluations          = 273
Number of equality constraint Jacobian evaluations   = 87
Number of inequality constraint Jacobian evaluations = 87
Number of Lagrangian Hessian evaluations             = 86
Total CPU secs in IPOPT (w/o function evaluations)   =      1.929
Total CPU secs in NLP function evaluations           =      0.112

EXIT: Solved To Acceptable Level.
